[2019-03-11 00:34:05.029] [renderer1] [info] no standard startup: not just one text editor
[2019-03-11 00:35:58.513] [renderer1] [error] Data tree node not found: [object Object]: Error: Data tree node not found: [object Object]
    at q.getDataNode (file:///usr/lib/code/out/vs/workbench/workbench.main.js:939:375)
    at q.<anonymous> (file:///usr/lib/code/out/vs/workbench/workbench.main.js:937:653)
    at Generator.next (<anonymous>)
    at file:///usr/lib/code/out/vs/workbench/workbench.main.js:30:939
    at new Promise (<anonymous>)
    at n (file:///usr/lib/code/out/vs/workbench/workbench.main.js:30:716)
    at q.expand (file:///usr/lib/code/out/vs/workbench/workbench.main.js:937:410)
    at Array.<anonymous> (file:///usr/lib/code/out/vs/workbench/workbench.main.js:5150:482)
    at t (file:///usr/lib/code/out/vs/workbench/workbench.main.js:93:803)
    at process._tickCallback (internal/process/next_tick.js:68:7)
[2019-03-11 00:36:23.291] [renderer1] [error] Tree element not found: [object Object]: Error: Tree element not found: [object Object]
    at s.getElementLocation (file:///usr/lib/code/out/vs/workbench/workbench.main.js:89:591)
    at s.isCollapsed (file:///usr/lib/code/out/vs/workbench/workbench.main.js:89:14)
    at $.isCollapsed (file:///usr/lib/code/out/vs/workbench/workbench.main.js:924:572)
    at W.revealMarkersForCurrentActiveEditor (file:///usr/lib/code/out/vs/workbench/workbench.main.js:4487:105)
    at W.autoReveal (file:///usr/lib/code/out/vs/workbench/workbench.main.js:4486:961)
    at W.onActiveEditorChanged (file:///usr/lib/code/out/vs/workbench/workbench.main.js:4484:350)
    at W._register.e (file:///usr/lib/code/out/vs/workbench/workbench.main.js:4483:360)
    at d.fire (file:///usr/lib/code/out/vs/workbench/workbench.main.js:73:436)
    at setTimeout (file:///usr/lib/code/out/vs/workbench/workbench.main.js:69:969)
[2019-03-11 00:36:25.283] [renderer1] [error] Tree element not found: [object Object]: Error: Tree element not found: [object Object]
    at s.getElementLocation (file:///usr/lib/code/out/vs/workbench/workbench.main.js:89:591)
    at s.isCollapsed (file:///usr/lib/code/out/vs/workbench/workbench.main.js:89:14)
    at $.isCollapsed (file:///usr/lib/code/out/vs/workbench/workbench.main.js:924:572)
    at W.revealMarkersForCurrentActiveEditor (file:///usr/lib/code/out/vs/workbench/workbench.main.js:4487:105)
    at W.autoReveal (file:///usr/lib/code/out/vs/workbench/workbench.main.js:4486:961)
    at W.onActiveEditorChanged (file:///usr/lib/code/out/vs/workbench/workbench.main.js:4484:350)
    at W._register.e (file:///usr/lib/code/out/vs/workbench/workbench.main.js:4483:360)
    at d.fire (file:///usr/lib/code/out/vs/workbench/workbench.main.js:73:436)
    at setTimeout (file:///usr/lib/code/out/vs/workbench/workbench.main.js:69:969)
[2019-03-11 00:37:58.141] [renderer1] [error] Tree element not found: [object Object]: Error: Tree element not found: [object Object]
    at s.getElementLocation (file:///usr/lib/code/out/vs/workbench/workbench.main.js:89:591)
    at s.isCollapsed (file:///usr/lib/code/out/vs/workbench/workbench.main.js:89:14)
    at $.isCollapsed (file:///usr/lib/code/out/vs/workbench/workbench.main.js:924:572)
    at W.revealMarkersForCurrentActiveEditor (file:///usr/lib/code/out/vs/workbench/workbench.main.js:4487:105)
    at W.autoReveal (file:///usr/lib/code/out/vs/workbench/workbench.main.js:4486:961)
    at W.onActiveEditorChanged (file:///usr/lib/code/out/vs/workbench/workbench.main.js:4484:350)
    at W._register.e (file:///usr/lib/code/out/vs/workbench/workbench.main.js:4483:360)
    at d.fire (file:///usr/lib/code/out/vs/workbench/workbench.main.js:73:436)
    at setTimeout (file:///usr/lib/code/out/vs/workbench/workbench.main.js:69:969)
