[2019-03-12 15:34:37.354] [renderer1] [info] no standard startup: not running latest version
[2019-03-12 20:05:01.715] [renderer1] [error] Tree element not found: [object Object]: Error: Tree element not found: [object Object]
    at s.getElementLocation (file:///usr/lib/code/out/vs/workbench/workbench.main.js:89:591)
    at s.isCollapsed (file:///usr/lib/code/out/vs/workbench/workbench.main.js:89:14)
    at $.isCollapsed (file:///usr/lib/code/out/vs/workbench/workbench.main.js:924:572)
    at W.revealMarkersForCurrentActiveEditor (file:///usr/lib/code/out/vs/workbench/workbench.main.js:4487:105)
    at W.autoReveal (file:///usr/lib/code/out/vs/workbench/workbench.main.js:4486:961)
    at W.onActiveEditorChanged (file:///usr/lib/code/out/vs/workbench/workbench.main.js:4484:350)
    at W._register.e (file:///usr/lib/code/out/vs/workbench/workbench.main.js:4483:360)
    at d.fire (file:///usr/lib/code/out/vs/workbench/workbench.main.js:73:436)
    at setTimeout (file:///usr/lib/code/out/vs/workbench/workbench.main.js:69:969)
[2019-03-12 20:20:38.614] [renderer1] [error] Tree element not found: [object Object]: Error: Tree element not found: [object Object]
    at s.getElementLocation (file:///usr/lib/code/out/vs/workbench/workbench.main.js:89:591)
    at s.isCollapsed (file:///usr/lib/code/out/vs/workbench/workbench.main.js:89:14)
    at $.isCollapsed (file:///usr/lib/code/out/vs/workbench/workbench.main.js:924:572)
    at W.revealMarkersForCurrentActiveEditor (file:///usr/lib/code/out/vs/workbench/workbench.main.js:4487:105)
    at W.autoReveal (file:///usr/lib/code/out/vs/workbench/workbench.main.js:4486:961)
    at W.onActiveEditorChanged (file:///usr/lib/code/out/vs/workbench/workbench.main.js:4484:350)
    at W._register.e (file:///usr/lib/code/out/vs/workbench/workbench.main.js:4483:360)
    at d.fire (file:///usr/lib/code/out/vs/workbench/workbench.main.js:73:436)
    at setTimeout (file:///usr/lib/code/out/vs/workbench/workbench.main.js:69:969)
[2019-03-12 20:20:45.630] [renderer1] [error] Tree element not found: [object Object]: Error: Tree element not found: [object Object]
    at s.getElementLocation (file:///usr/lib/code/out/vs/workbench/workbench.main.js:89:591)
    at s.isCollapsed (file:///usr/lib/code/out/vs/workbench/workbench.main.js:89:14)
    at $.isCollapsed (file:///usr/lib/code/out/vs/workbench/workbench.main.js:924:572)
    at W.revealMarkersForCurrentActiveEditor (file:///usr/lib/code/out/vs/workbench/workbench.main.js:4487:105)
    at W.autoReveal (file:///usr/lib/code/out/vs/workbench/workbench.main.js:4486:961)
    at W.onActiveEditorChanged (file:///usr/lib/code/out/vs/workbench/workbench.main.js:4484:350)
    at W._register.e (file:///usr/lib/code/out/vs/workbench/workbench.main.js:4483:360)
    at d.fire (file:///usr/lib/code/out/vs/workbench/workbench.main.js:73:436)
    at setTimeout (file:///usr/lib/code/out/vs/workbench/workbench.main.js:69:969)
[2019-03-12 20:21:16.429] [renderer1] [error] Tree element not found: [object Object]: Error: Tree element not found: [object Object]
    at s.getElementLocation (file:///usr/lib/code/out/vs/workbench/workbench.main.js:89:591)
    at s.isCollapsed (file:///usr/lib/code/out/vs/workbench/workbench.main.js:89:14)
    at $.isCollapsed (file:///usr/lib/code/out/vs/workbench/workbench.main.js:924:572)
    at W.revealMarkersForCurrentActiveEditor (file:///usr/lib/code/out/vs/workbench/workbench.main.js:4487:105)
    at W.autoReveal (file:///usr/lib/code/out/vs/workbench/workbench.main.js:4486:961)
    at W.onActiveEditorChanged (file:///usr/lib/code/out/vs/workbench/workbench.main.js:4484:350)
    at W._register.e (file:///usr/lib/code/out/vs/workbench/workbench.main.js:4483:360)
    at d.fire (file:///usr/lib/code/out/vs/workbench/workbench.main.js:73:436)
    at setTimeout (file:///usr/lib/code/out/vs/workbench/workbench.main.js:69:969)
[2019-03-12 20:21:44.471] [renderer1] [error] Tree element not found: [object Object]: Error: Tree element not found: [object Object]
    at s.getElementLocation (file:///usr/lib/code/out/vs/workbench/workbench.main.js:89:591)
    at s.isCollapsed (file:///usr/lib/code/out/vs/workbench/workbench.main.js:89:14)
    at $.isCollapsed (file:///usr/lib/code/out/vs/workbench/workbench.main.js:924:572)
    at W.revealMarkersForCurrentActiveEditor (file:///usr/lib/code/out/vs/workbench/workbench.main.js:4487:105)
    at W.autoReveal (file:///usr/lib/code/out/vs/workbench/workbench.main.js:4486:961)
    at W.onActiveEditorChanged (file:///usr/lib/code/out/vs/workbench/workbench.main.js:4484:350)
    at W._register.e (file:///usr/lib/code/out/vs/workbench/workbench.main.js:4483:360)
    at d.fire (file:///usr/lib/code/out/vs/workbench/workbench.main.js:73:436)
    at setTimeout (file:///usr/lib/code/out/vs/workbench/workbench.main.js:69:969)
