[2019-03-12 15:34:36.624] [sharedprocess] [info] main {"machineId":"9fbc5806cfe91b6b9708c7da27724b647608dfdd4a830f9fda8b53af08905f8d"}
[2019-03-12 15:34:36.704] [sharedprocess] [info] Scanned user extensions: 1
[2019-03-12 15:34:36.726] [sharedprocess] [info] Scanned user extensions: 1
[2019-03-12 15:34:36.763] [sharedprocess] [info] Scanned system extensions: 72
[2019-03-12 15:34:36.767] [sharedprocess] [info] Scanned system extensions: 72
[2019-03-12 15:34:37.357] [sharedprocess] [info] Scanned user extensions: 1
[2019-03-12 15:35:16.643] [sharedprocess] [info] Starting to clean up unused language packs.
[2019-03-12 15:39:37.383] [sharedprocess] [info] Scanned user extensions: 1
[2019-03-12 15:44:37.393] [sharedprocess] [info] Scanned user extensions: 1
[2019-03-12 15:49:37.407] [sharedprocess] [info] Scanned user extensions: 1
[2019-03-12 15:54:37.427] [sharedprocess] [info] Scanned user extensions: 1
[2019-03-12 15:59:37.434] [sharedprocess] [info] Scanned user extensions: 1
[2019-03-12 16:04:37.448] [sharedprocess] [info] Scanned user extensions: 1
[2019-03-12 16:09:37.458] [sharedprocess] [info] Scanned user extensions: 1
[2019-03-12 16:14:37.468] [sharedprocess] [info] Scanned user extensions: 1
[2019-03-12 16:19:37.476] [sharedprocess] [info] Scanned user extensions: 1
[2019-03-12 16:24:37.486] [sharedprocess] [info] Scanned user extensions: 1
[2019-03-12 16:29:37.500] [sharedprocess] [info] Scanned user extensions: 1
[2019-03-12 16:34:37.515] [sharedprocess] [info] Scanned user extensions: 1
[2019-03-12 16:39:37.525] [sharedprocess] [info] Scanned user extensions: 1
[2019-03-12 16:44:37.536] [sharedprocess] [info] Scanned user extensions: 1
[2019-03-12 16:49:37.550] [sharedprocess] [info] Scanned user extensions: 1
[2019-03-12 16:54:37.562] [sharedprocess] [info] Scanned user extensions: 1
[2019-03-12 16:59:37.578] [sharedprocess] [info] Scanned user extensions: 1
[2019-03-12 17:04:37.587] [sharedprocess] [info] Scanned user extensions: 1
[2019-03-12 17:09:37.601] [sharedprocess] [info] Scanned user extensions: 1
[2019-03-12 17:14:37.617] [sharedprocess] [info] Scanned user extensions: 1
[2019-03-12 17:19:37.628] [sharedprocess] [info] Scanned user extensions: 1
[2019-03-12 17:24:37.643] [sharedprocess] [info] Scanned user extensions: 1
[2019-03-12 17:29:37.657] [sharedprocess] [info] Scanned user extensions: 1
[2019-03-12 17:34:37.665] [sharedprocess] [info] Scanned user extensions: 1
[2019-03-12 17:39:37.676] [sharedprocess] [info] Scanned user extensions: 1
[2019-03-12 17:44:37.685] [sharedprocess] [info] Scanned user extensions: 1
[2019-03-12 17:49:37.692] [sharedprocess] [info] Scanned user extensions: 1
[2019-03-12 17:54:37.701] [sharedprocess] [info] Scanned user extensions: 1
[2019-03-12 17:59:37.707] [sharedprocess] [info] Scanned user extensions: 1
[2019-03-12 18:04:37.714] [sharedprocess] [info] Scanned user extensions: 1
[2019-03-12 18:09:37.722] [sharedprocess] [info] Scanned user extensions: 1
[2019-03-12 18:14:37.734] [sharedprocess] [info] Scanned user extensions: 1
[2019-03-12 18:19:37.740] [sharedprocess] [info] Scanned user extensions: 1
[2019-03-12 18:24:37.753] [sharedprocess] [info] Scanned user extensions: 1
[2019-03-12 18:29:37.762] [sharedprocess] [info] Scanned user extensions: 1
[2019-03-12 18:34:37.767] [sharedprocess] [info] Scanned user extensions: 1
[2019-03-12 18:39:37.774] [sharedprocess] [info] Scanned user extensions: 1
[2019-03-12 18:44:37.782] [sharedprocess] [info] Scanned user extensions: 1
[2019-03-12 18:49:37.788] [sharedprocess] [info] Scanned user extensions: 1
[2019-03-12 18:54:37.798] [sharedprocess] [info] Scanned user extensions: 1
[2019-03-12 18:59:37.812] [sharedprocess] [info] Scanned user extensions: 1
[2019-03-12 19:04:37.824] [sharedprocess] [info] Scanned user extensions: 1
[2019-03-12 19:09:37.838] [sharedprocess] [info] Scanned user extensions: 1
[2019-03-12 19:14:37.844] [sharedprocess] [info] Scanned user extensions: 1
[2019-03-12 19:19:37.851] [sharedprocess] [info] Scanned user extensions: 1
[2019-03-12 19:24:37.857] [sharedprocess] [info] Scanned user extensions: 1
[2019-03-12 19:29:37.864] [sharedprocess] [info] Scanned user extensions: 1
[2019-03-12 19:34:37.873] [sharedprocess] [info] Scanned user extensions: 1
[2019-03-12 19:39:37.882] [sharedprocess] [info] Scanned user extensions: 1
[2019-03-12 19:44:37.891] [sharedprocess] [info] Scanned user extensions: 1
[2019-03-12 19:49:37.898] [sharedprocess] [info] Scanned user extensions: 1
[2019-03-12 19:54:37.905] [sharedprocess] [info] Scanned user extensions: 1
[2019-03-12 19:59:37.916] [sharedprocess] [info] Scanned user extensions: 1
[2019-03-12 20:04:37.929] [sharedprocess] [info] Scanned user extensions: 1
[2019-03-12 20:07:43.347] [sharedprocess] [info] Scanned user extensions: 1
[2019-03-12 20:07:43.350] [sharedprocess] [info] Scanned user extensions: 1
[2019-03-12 20:07:43.354] [sharedprocess] [info] Scanned user extensions: 1
[2019-03-12 20:07:43.367] [sharedprocess] [info] Scanned user extensions: 1
[2019-03-12 20:07:43.450] [sharedprocess] [info] Scanned system extensions: 72
[2019-03-12 20:07:43.453] [sharedprocess] [info] Scanned system extensions: 72
[2019-03-12 20:07:43.456] [sharedprocess] [info] Scanned system extensions: 72
[2019-03-12 20:08:10.665] [sharedprocess] [info] Installing extension: tomoki1207.pdf
[2019-03-12 20:08:10.671] [sharedprocess] [info] Scanned user extensions: 1
[2019-03-12 20:08:12.185] [sharedprocess] [info] Installing extension: yzane.markdown-pdf
[2019-03-12 20:08:12.188] [sharedprocess] [info] Scanned user extensions: 1
[2019-03-12 20:08:35.837] [sharedprocess] [info] Downloaded extension: tomoki1207.pdf /tmp/6eee7715-3903-4743-9d30-1e81f4cbf0c4
[2019-03-12 20:08:37.650] [sharedprocess] [info] Extracted extension to /home/stanislav/.vscode-oss/extensions/.tomoki1207.pdf-0.5.0: tomoki1207.pdf
[2019-03-12 20:08:37.650] [sharedprocess] [info] Renamed to /home/stanislav/.vscode-oss/extensions/tomoki1207.pdf-0.5.0
[2019-03-12 20:08:37.651] [sharedprocess] [info] Installation completed. tomoki1207.pdf
[2019-03-12 20:08:37.677] [sharedprocess] [info] Extensions installed successfully: tomoki1207.pdf
[2019-03-12 20:08:42.118] [sharedprocess] [info] Downloaded extension: yzane.markdown-pdf /tmp/a1318cd0-8be7-4610-a740-ea3727685946
[2019-03-12 20:08:44.876] [sharedprocess] [info] Extracted extension to /home/stanislav/.vscode-oss/extensions/.yzane.markdown-pdf-1.2.0: yzane.markdown-pdf
[2019-03-12 20:08:44.876] [sharedprocess] [info] Renamed to /home/stanislav/.vscode-oss/extensions/yzane.markdown-pdf-1.2.0
[2019-03-12 20:08:44.877] [sharedprocess] [info] Installation completed. yzane.markdown-pdf
[2019-03-12 20:08:44.924] [sharedprocess] [info] Extensions installed successfully: yzane.markdown-pdf
[2019-03-12 20:09:37.944] [sharedprocess] [info] Scanned user extensions: 3
[2019-03-12 20:14:37.960] [sharedprocess] [info] Scanned user extensions: 3
[2019-03-12 20:19:37.970] [sharedprocess] [info] Scanned user extensions: 3
[2019-03-12 20:24:37.983] [sharedprocess] [info] Scanned user extensions: 3
[2019-03-12 20:29:37.996] [sharedprocess] [info] Scanned user extensions: 3
