[2019-03-12 00:01:00.243] [renderer1] [info] no standard startup: not just one text editor
[2019-03-12 00:42:33.682] [renderer1] [error] Tree element not found: [object Object]: Error: Tree element not found: [object Object]
    at s.getElementLocation (file:///usr/lib/code/out/vs/workbench/workbench.main.js:89:591)
    at s.isCollapsed (file:///usr/lib/code/out/vs/workbench/workbench.main.js:89:14)
    at $.isCollapsed (file:///usr/lib/code/out/vs/workbench/workbench.main.js:924:572)
    at W.revealMarkersForCurrentActiveEditor (file:///usr/lib/code/out/vs/workbench/workbench.main.js:4487:105)
    at W.autoReveal (file:///usr/lib/code/out/vs/workbench/workbench.main.js:4486:961)
    at W.onActiveEditorChanged (file:///usr/lib/code/out/vs/workbench/workbench.main.js:4484:350)
    at W._register.e (file:///usr/lib/code/out/vs/workbench/workbench.main.js:4483:360)
    at d.fire (file:///usr/lib/code/out/vs/workbench/workbench.main.js:73:436)
    at setTimeout (file:///usr/lib/code/out/vs/workbench/workbench.main.js:69:969)
[2019-03-12 00:50:42.347] [renderer1] [error] Tree element not found: [object Object]: Error: Tree element not found: [object Object]
    at s.getElementLocation (file:///usr/lib/code/out/vs/workbench/workbench.main.js:89:591)
    at s.isCollapsed (file:///usr/lib/code/out/vs/workbench/workbench.main.js:89:14)
    at $.isCollapsed (file:///usr/lib/code/out/vs/workbench/workbench.main.js:924:572)
    at W.revealMarkersForCurrentActiveEditor (file:///usr/lib/code/out/vs/workbench/workbench.main.js:4487:105)
    at W.autoReveal (file:///usr/lib/code/out/vs/workbench/workbench.main.js:4486:961)
    at W.onActiveEditorChanged (file:///usr/lib/code/out/vs/workbench/workbench.main.js:4484:350)
    at W._register.e (file:///usr/lib/code/out/vs/workbench/workbench.main.js:4483:360)
    at d.fire (file:///usr/lib/code/out/vs/workbench/workbench.main.js:73:436)
    at setTimeout (file:///usr/lib/code/out/vs/workbench/workbench.main.js:69:969)
[2019-03-12 00:50:53.114] [renderer1] [error] Tree element not found: [object Object]: Error: Tree element not found: [object Object]
    at s.getElementLocation (file:///usr/lib/code/out/vs/workbench/workbench.main.js:89:591)
    at s.isCollapsed (file:///usr/lib/code/out/vs/workbench/workbench.main.js:89:14)
    at $.isCollapsed (file:///usr/lib/code/out/vs/workbench/workbench.main.js:924:572)
    at W.revealMarkersForCurrentActiveEditor (file:///usr/lib/code/out/vs/workbench/workbench.main.js:4487:105)
    at W.autoReveal (file:///usr/lib/code/out/vs/workbench/workbench.main.js:4486:961)
    at W.onActiveEditorChanged (file:///usr/lib/code/out/vs/workbench/workbench.main.js:4484:350)
    at W._register.e (file:///usr/lib/code/out/vs/workbench/workbench.main.js:4483:360)
    at d.fire (file:///usr/lib/code/out/vs/workbench/workbench.main.js:73:436)
    at setTimeout (file:///usr/lib/code/out/vs/workbench/workbench.main.js:69:969)
[2019-03-12 00:51:52.667] [renderer1] [error] Tree element not found: [object Object]: Error: Tree element not found: [object Object]
    at s.getElementLocation (file:///usr/lib/code/out/vs/workbench/workbench.main.js:89:591)
    at s.isCollapsed (file:///usr/lib/code/out/vs/workbench/workbench.main.js:89:14)
    at $.isCollapsed (file:///usr/lib/code/out/vs/workbench/workbench.main.js:924:572)
    at W.revealMarkersForCurrentActiveEditor (file:///usr/lib/code/out/vs/workbench/workbench.main.js:4487:105)
    at W.autoReveal (file:///usr/lib/code/out/vs/workbench/workbench.main.js:4486:961)
    at W.onActiveEditorChanged (file:///usr/lib/code/out/vs/workbench/workbench.main.js:4484:350)
    at W._register.e (file:///usr/lib/code/out/vs/workbench/workbench.main.js:4483:360)
    at d.fire (file:///usr/lib/code/out/vs/workbench/workbench.main.js:73:436)
    at setTimeout (file:///usr/lib/code/out/vs/workbench/workbench.main.js:69:969)
[2019-03-12 00:52:08.005] [renderer1] [error] Tree element not found: [object Object]: Error: Tree element not found: [object Object]
    at s.getElementLocation (file:///usr/lib/code/out/vs/workbench/workbench.main.js:89:591)
    at s.isCollapsed (file:///usr/lib/code/out/vs/workbench/workbench.main.js:89:14)
    at $.isCollapsed (file:///usr/lib/code/out/vs/workbench/workbench.main.js:924:572)
    at W.revealMarkersForCurrentActiveEditor (file:///usr/lib/code/out/vs/workbench/workbench.main.js:4487:105)
    at W.autoReveal (file:///usr/lib/code/out/vs/workbench/workbench.main.js:4486:961)
    at W.onActiveEditorChanged (file:///usr/lib/code/out/vs/workbench/workbench.main.js:4484:350)
    at W._register.e (file:///usr/lib/code/out/vs/workbench/workbench.main.js:4483:360)
    at d.fire (file:///usr/lib/code/out/vs/workbench/workbench.main.js:73:436)
    at setTimeout (file:///usr/lib/code/out/vs/workbench/workbench.main.js:69:969)
[2019-03-12 00:52:20.727] [renderer1] [error] Tree element not found: [object Object]: Error: Tree element not found: [object Object]
    at s.getElementLocation (file:///usr/lib/code/out/vs/workbench/workbench.main.js:89:591)
    at s.isCollapsed (file:///usr/lib/code/out/vs/workbench/workbench.main.js:89:14)
    at $.isCollapsed (file:///usr/lib/code/out/vs/workbench/workbench.main.js:924:572)
    at W.revealMarkersForCurrentActiveEditor (file:///usr/lib/code/out/vs/workbench/workbench.main.js:4487:105)
    at W.autoReveal (file:///usr/lib/code/out/vs/workbench/workbench.main.js:4486:961)
    at W.onActiveEditorChanged (file:///usr/lib/code/out/vs/workbench/workbench.main.js:4484:350)
    at W._register.e (file:///usr/lib/code/out/vs/workbench/workbench.main.js:4483:360)
    at d.fire (file:///usr/lib/code/out/vs/workbench/workbench.main.js:73:436)
    at setTimeout (file:///usr/lib/code/out/vs/workbench/workbench.main.js:69:969)
[2019-03-12 00:52:25.261] [renderer1] [error] Tree element not found: [object Object]: Error: Tree element not found: [object Object]
    at s.getElementLocation (file:///usr/lib/code/out/vs/workbench/workbench.main.js:89:591)
    at s.isCollapsed (file:///usr/lib/code/out/vs/workbench/workbench.main.js:89:14)
    at $.isCollapsed (file:///usr/lib/code/out/vs/workbench/workbench.main.js:924:572)
    at W.revealMarkersForCurrentActiveEditor (file:///usr/lib/code/out/vs/workbench/workbench.main.js:4487:105)
    at W.autoReveal (file:///usr/lib/code/out/vs/workbench/workbench.main.js:4486:961)
    at W.onActiveEditorChanged (file:///usr/lib/code/out/vs/workbench/workbench.main.js:4484:350)
    at W._register.e (file:///usr/lib/code/out/vs/workbench/workbench.main.js:4483:360)
    at d.fire (file:///usr/lib/code/out/vs/workbench/workbench.main.js:73:436)
    at setTimeout (file:///usr/lib/code/out/vs/workbench/workbench.main.js:69:969)
[2019-03-12 00:54:48.973] [renderer1] [error] Tree element not found: [object Object]: Error: Tree element not found: [object Object]
    at s.getElementLocation (file:///usr/lib/code/out/vs/workbench/workbench.main.js:89:591)
    at s.isCollapsed (file:///usr/lib/code/out/vs/workbench/workbench.main.js:89:14)
    at $.isCollapsed (file:///usr/lib/code/out/vs/workbench/workbench.main.js:924:572)
    at W.revealMarkersForCurrentActiveEditor (file:///usr/lib/code/out/vs/workbench/workbench.main.js:4487:105)
    at W.autoReveal (file:///usr/lib/code/out/vs/workbench/workbench.main.js:4486:961)
    at W.onActiveEditorChanged (file:///usr/lib/code/out/vs/workbench/workbench.main.js:4484:350)
    at W._register.e (file:///usr/lib/code/out/vs/workbench/workbench.main.js:4483:360)
    at d.fire (file:///usr/lib/code/out/vs/workbench/workbench.main.js:73:436)
    at setTimeout (file:///usr/lib/code/out/vs/workbench/workbench.main.js:69:969)
[2019-03-12 00:55:09.686] [renderer1] [error] Tree element not found: [object Object]: Error: Tree element not found: [object Object]
    at s.getElementLocation (file:///usr/lib/code/out/vs/workbench/workbench.main.js:89:591)
    at s.isCollapsed (file:///usr/lib/code/out/vs/workbench/workbench.main.js:89:14)
    at $.isCollapsed (file:///usr/lib/code/out/vs/workbench/workbench.main.js:924:572)
    at W.revealMarkersForCurrentActiveEditor (file:///usr/lib/code/out/vs/workbench/workbench.main.js:4487:105)
    at W.autoReveal (file:///usr/lib/code/out/vs/workbench/workbench.main.js:4486:961)
    at W.onActiveEditorChanged (file:///usr/lib/code/out/vs/workbench/workbench.main.js:4484:350)
    at W._register.e (file:///usr/lib/code/out/vs/workbench/workbench.main.js:4483:360)
    at d.fire (file:///usr/lib/code/out/vs/workbench/workbench.main.js:73:436)
    at setTimeout (file:///usr/lib/code/out/vs/workbench/workbench.main.js:69:969)
[2019-03-12 00:55:33.278] [renderer1] [error] Tree element not found: [object Object]: Error: Tree element not found: [object Object]
    at s.getElementLocation (file:///usr/lib/code/out/vs/workbench/workbench.main.js:89:591)
    at s.isCollapsed (file:///usr/lib/code/out/vs/workbench/workbench.main.js:89:14)
    at $.isCollapsed (file:///usr/lib/code/out/vs/workbench/workbench.main.js:924:572)
    at W.revealMarkersForCurrentActiveEditor (file:///usr/lib/code/out/vs/workbench/workbench.main.js:4487:105)
    at W.autoReveal (file:///usr/lib/code/out/vs/workbench/workbench.main.js:4486:961)
    at W.onActiveEditorChanged (file:///usr/lib/code/out/vs/workbench/workbench.main.js:4484:350)
    at W._register.e (file:///usr/lib/code/out/vs/workbench/workbench.main.js:4483:360)
    at d.fire (file:///usr/lib/code/out/vs/workbench/workbench.main.js:73:436)
    at setTimeout (file:///usr/lib/code/out/vs/workbench/workbench.main.js:69:969)
[2019-03-12 01:04:41.929] [renderer1] [error] Tree element not found: [object Object]: Error: Tree element not found: [object Object]
    at s.getElementLocation (file:///usr/lib/code/out/vs/workbench/workbench.main.js:89:591)
    at s.isCollapsed (file:///usr/lib/code/out/vs/workbench/workbench.main.js:89:14)
    at $.isCollapsed (file:///usr/lib/code/out/vs/workbench/workbench.main.js:924:572)
    at W.revealMarkersForCurrentActiveEditor (file:///usr/lib/code/out/vs/workbench/workbench.main.js:4487:105)
    at W.autoReveal (file:///usr/lib/code/out/vs/workbench/workbench.main.js:4486:961)
    at W.onActiveEditorChanged (file:///usr/lib/code/out/vs/workbench/workbench.main.js:4484:350)
    at W._register.e (file:///usr/lib/code/out/vs/workbench/workbench.main.js:4483:360)
    at d.fire (file:///usr/lib/code/out/vs/workbench/workbench.main.js:73:436)
    at setTimeout (file:///usr/lib/code/out/vs/workbench/workbench.main.js:69:969)
