Looking for git in: git
Using git 2.21.0 from git
> git rev-parse --show-toplevel
> git config --get commit.template
Open repository: /home/stanislav/GitRepos/QuadroneCarlos
> git status -z -u
> git symbolic-ref --short HEAD
> git rev-parse master
> git rev-parse --symbolic-full-name master@{u}
> git rev-list --left-right master...refs/remotes/origin/master
> git for-each-ref --format %(refname) %(objectname) --sort -committerdate
> git remote --verbose
> git check-ignore -z --stdin
> git show :src/quadronecarlos.cpp
> git show :src/usart.cpp
> git show :.vscode/c_cpp_properties.json
> git show :src/usart.cpp
> git status -z -u
> git symbolic-ref --short HEAD
> git rev-parse master
> git rev-parse --symbolic-full-name master@{u}
> git rev-list --left-right master...refs/remotes/origin/master
> git for-each-ref --format %(refname) %(objectname) --sort -committerdate
> git remote --verbose
> git show :src/usart.hpp
> git show :src/quadronecarlos.hpp
> git show :src/usart.cpp
> git status -z -u
> git symbolic-ref --short HEAD
> git rev-parse master
> git rev-parse --symbolic-full-name master@{u}
> git rev-list --left-right master...refs/remotes/origin/master
> git for-each-ref --format %(refname) %(objectname) --sort -committerdate
> git remote --verbose
> git show :src/quadronecarlos.hpp
> git show :src/quadronecarlos.cpp
> git show :.vscode/c_cpp_properties.json
> git status -z -u
> git symbolic-ref --short HEAD
> git rev-parse master
> git rev-parse --symbolic-full-name master@{u}
> git rev-list --left-right master...refs/remotes/origin/master
> git for-each-ref --format %(refname) %(objectname) --sort -committerdate
> git remote --verbose
> git status -z -u
> git symbolic-ref --short HEAD
> git rev-parse master
> git rev-parse --symbolic-full-name master@{u}
> git rev-list --left-right master...refs/remotes/origin/master
> git for-each-ref --format %(refname) %(objectname) --sort -committerdate
> git remote --verbose
> git show :src/usart.cpp
> git show :src/usart.hpp
> git show :src/quadronecarlos.hpp
> git show :atmega328pb_linux_requirements/usr/avr/include/avr/io.h
> git check-ignore -z --stdin
> git show :src/usart.cpp
> git show :src/usart.hpp
> git show :.vscode/c_cpp_properties.json
> git show :src/usart.cpp
> git show :src/quadronecarlos.hpp
> git show :.vscode/c_cpp_properties.json
> git status -z -u
> git symbolic-ref --short HEAD
> git rev-parse master
> git rev-parse --symbolic-full-name master@{u}
> git rev-list --left-right master...refs/remotes/origin/master
> git for-each-ref --format %(refname) %(objectname) --sort -committerdate
> git remote --verbose
> git show :src/quadronecarlos.cpp
> git show :src/quadronecarlos.hpp
> git show :src/usart.cpp
> git show :src/usart.hpp
> git show :src/usart.cpp
> git show :atmega328pb_linux_requirements/usr/avr/include/avr/iom328pb.h
> git rev-parse --show-toplevel
fatal: not a git repository (or any of the parent directories): .git
> git show :src/usart.cpp
> git show :.vscode/c_cpp_properties.json
> git status -z -u
> git symbolic-ref --short HEAD
> git rev-parse master
> git rev-parse --symbolic-full-name master@{u}
> git rev-list --left-right master...refs/remotes/origin/master
> git for-each-ref --format %(refname) %(objectname) --sort -committerdate
> git remote --verbose
> git show :src/usart.cpp
> git status -z -u
> git symbolic-ref --short HEAD
> git rev-parse master
> git rev-parse --symbolic-full-name master@{u}
> git rev-list --left-right master...refs/remotes/origin/master
> git for-each-ref --format %(refname) %(objectname) --sort -committerdate
> git remote --verbose
> git rev-parse --show-toplevel
fatal: not a git repository (or any of the parent directories): .git
> git show :src/usart.cpp
> git show :src/quadronecarlos.hpp
> git show :src/usart.hpp
> git show :src/quadronecarlos.cpp
> git show :src/quadronecarlos.hpp
> git rev-parse --show-toplevel
fatal: not a git repository (or any of the parent directories): .git
> git rev-parse --show-toplevel
fatal: not a git repository (or any of the parent directories): .git
> git show :src/usart.cpp
> git rev-parse --show-toplevel
fatal: not a git repository (or any of the parent directories): .git
> git rev-parse --show-toplevel
fatal: not a git repository (or any of the parent directories): .git
> git show :src/usart.cpp
> git status -z -u
> git symbolic-ref --short HEAD
> git rev-parse master
> git rev-parse --symbolic-full-name master@{u}
> git rev-list --left-right master...refs/remotes/origin/master
> git for-each-ref --format %(refname) %(objectname) --sort -committerdate
> git remote --verbose
> git show :.vscode/c_cpp_properties.json
> git show :src/usart.hpp
> git rev-parse --show-toplevel
fatal: not a git repository (or any of the parent directories): .git
> git show :src/usart.cpp
> git show :src/usart.hpp
> git rev-parse --show-toplevel
fatal: not a git repository (or any of the parent directories): .git
> git rev-parse --show-toplevel
fatal: not a git repository (or any of the parent directories): .git
> git show :src/usart.cpp
> git show :src/usart.cpp
> git show :src/quadronecarlos.cpp
> git status -z -u
> git symbolic-ref --short HEAD
> git rev-parse master
> git rev-parse --symbolic-full-name master@{u}
> git rev-list --left-right master...refs/remotes/origin/master
> git for-each-ref --format %(refname) %(objectname) --sort -committerdate
> git remote --verbose
> git status -z -u
> git symbolic-ref --short HEAD
> git rev-parse master
> git rev-parse --symbolic-full-name master@{u}
> git rev-list --left-right master...refs/remotes/origin/master
> git for-each-ref --format %(refname) %(objectname) --sort -committerdate
> git remote --verbose
> git status -z -u
> git symbolic-ref --short HEAD
> git rev-parse master
> git rev-parse --symbolic-full-name master@{u}
> git rev-list --left-right master...refs/remotes/origin/master
> git for-each-ref --format %(refname) %(objectname) --sort -committerdate
> git remote --verbose
> git status -z -u
> git symbolic-ref --short HEAD
> git rev-parse master
> git rev-parse --symbolic-full-name master@{u}
> git rev-list --left-right master...refs/remotes/origin/master
> git for-each-ref --format %(refname) %(objectname) --sort -committerdate
> git remote --verbose
> git status -z -u
> git symbolic-ref --short HEAD
> git rev-parse master
> git rev-parse --symbolic-full-name master@{u}
> git rev-list --left-right master...refs/remotes/origin/master
> git for-each-ref --format %(refname) %(objectname) --sort -committerdate
> git remote --verbose
> git show :src/quadronecarlos.hpp
> git status -z -u
> git symbolic-ref --short HEAD
> git rev-parse master
> git rev-parse --symbolic-full-name master@{u}
> git rev-list --left-right master...refs/remotes/origin/master
> git for-each-ref --format %(refname) %(objectname) --sort -committerdate
> git remote --verbose
> git status -z -u
> git symbolic-ref --short HEAD
> git rev-parse master
> git rev-parse --symbolic-full-name master@{u}
> git rev-list --left-right master...refs/remotes/origin/master
> git for-each-ref --format %(refname) %(objectname) --sort -committerdate
> git remote --verbose
> git status -z -u
> git symbolic-ref --short HEAD
> git rev-parse master
> git rev-parse --symbolic-full-name master@{u}
> git rev-list --left-right master...refs/remotes/origin/master
> git for-each-ref --format %(refname) %(objectname) --sort -committerdate
> git remote --verbose
> git rev-parse --show-toplevel
fatal: not a git repository (or any of the parent directories): .git
> git show :src/quadronecarlos.hpp
> git rev-parse --show-toplevel
fatal: not a git repository (or any of the parent directories): .git
> git show :src/quadronecarlos.hpp
> git status -z -u
> git symbolic-ref --short HEAD
> git rev-parse master
> git rev-parse --symbolic-full-name master@{u}
> git rev-list --left-right master...refs/remotes/origin/master
> git for-each-ref --format %(refname) %(objectname) --sort -committerdate
> git remote --verbose
> git show :src/usart.hpp
> git status -z -u
> git symbolic-ref --short HEAD
> git rev-parse master
> git rev-parse --symbolic-full-name master@{u}
> git rev-list --left-right master...refs/remotes/origin/master
> git for-each-ref --format %(refname) %(objectname) --sort -committerdate
> git remote --verbose
> git show :src/usart.cpp
> git show :src/usart.hpp
> git show :src/quadronecarlos.hpp
> git show :src/usart.hpp
> git show :src/usart.cpp
> git status -z -u
> git symbolic-ref --short HEAD
> git rev-parse master
> git rev-parse --symbolic-full-name master@{u}
> git rev-list --left-right master...refs/remotes/origin/master
> git for-each-ref --format %(refname) %(objectname) --sort -committerdate
> git remote --verbose
> git show :src/quadronecarlos.hpp
> git status -z -u
> git symbolic-ref --short HEAD
> git rev-parse master
> git rev-parse --symbolic-full-name master@{u}
> git rev-list --left-right master...refs/remotes/origin/master
> git for-each-ref --format %(refname) %(objectname) --sort -committerdate
> git remote --verbose
> git status -z -u
> git symbolic-ref --short HEAD
> git rev-parse master
> git rev-parse --symbolic-full-name master@{u}
> git rev-list --left-right master...refs/remotes/origin/master
> git for-each-ref --format %(refname) %(objectname) --sort -committerdate
> git remote --verbose
> git show :src/quadronecarlos.cpp
> git show :src/quadronecarlos.hpp
> git rev-parse --show-toplevel
fatal: not a git repository (or any of the parent directories): .git
> git rev-parse --show-toplevel
fatal: not a git repository (or any of the parent directories): .git
> git show :src/quadronecarlos.hpp
> git status -z -u
> git symbolic-ref --short HEAD
> git rev-parse master
> git rev-parse --symbolic-full-name master@{u}
> git rev-list --left-right master...refs/remotes/origin/master
> git for-each-ref --format %(refname) %(objectname) --sort -committerdate
> git remote --verbose
> git show :src/quadronecarlos.cpp
> git show :src/usart.cpp
> git show :src/usart.hpp
> git status -z -u
> git symbolic-ref --short HEAD
> git rev-parse master
> git rev-parse --symbolic-full-name master@{u}
> git rev-list --left-right master...refs/remotes/origin/master
> git for-each-ref --format %(refname) %(objectname) --sort -committerdate
> git remote --verbose
> git show :src/usart.cpp
> git show :src/quadronecarlos.cpp
> git status -z -u
> git symbolic-ref --short HEAD
> git rev-parse master
> git rev-parse --symbolic-full-name master@{u}
> git rev-list --left-right master...refs/remotes/origin/master
> git for-each-ref --format %(refname) %(objectname) --sort -committerdate
> git remote --verbose
> git show :src/quadronecarlos.hpp
> git status -z -u
> git symbolic-ref --short HEAD
> git rev-parse master
> git rev-parse --symbolic-full-name master@{u}
> git rev-list --left-right master...refs/remotes/origin/master
> git for-each-ref --format %(refname) %(objectname) --sort -committerdate
> git remote --verbose
> git show :src/usart.hpp
> git status -z -u
> git symbolic-ref --short HEAD
> git rev-parse master
> git rev-parse --symbolic-full-name master@{u}
> git rev-list --left-right master...refs/remotes/origin/master
> git for-each-ref --format %(refname) %(objectname) --sort -committerdate
> git remote --verbose
> git status -z -u
> git symbolic-ref --short HEAD
> git rev-parse master
> git rev-parse --symbolic-full-name master@{u}
> git rev-list --left-right master...refs/remotes/origin/master
> git for-each-ref --format %(refname) %(objectname) --sort -committerdate
> git remote --verbose
> git status -z -u
> git symbolic-ref --short HEAD
> git rev-parse master
> git rev-parse --symbolic-full-name master@{u}
> git rev-list --left-right master...refs/remotes/origin/master
> git for-each-ref --format %(refname) %(objectname) --sort -committerdate
> git remote --verbose
> git status -z -u
> git symbolic-ref --short HEAD
> git rev-parse master
> git rev-parse --symbolic-full-name master@{u}
> git rev-list --left-right master...refs/remotes/origin/master
> git for-each-ref --format %(refname) %(objectname) --sort -committerdate
> git remote --verbose
> git show :src/quadronecarlos.hpp
> git status -z -u
> git symbolic-ref --short HEAD
> git rev-parse master
> git rev-parse --symbolic-full-name master@{u}
> git rev-list --left-right master...refs/remotes/origin/master
> git for-each-ref --format %(refname) %(objectname) --sort -committerdate
> git remote --verbose
> git show :src/usart.hpp
> git status -z -u
> git symbolic-ref --short HEAD
> git rev-parse master
> git rev-parse --symbolic-full-name master@{u}
> git rev-list --left-right master...refs/remotes/origin/master
> git for-each-ref --format %(refname) %(objectname) --sort -committerdate
> git remote --verbose
> git show :src/quadronecarlos.hpp
> git show :src/usart.cpp
> git status -z -u
> git symbolic-ref --short HEAD
> git rev-parse master
> git rev-parse --symbolic-full-name master@{u}
> git rev-list --left-right master...refs/remotes/origin/master
> git for-each-ref --format %(refname) %(objectname) --sort -committerdate
> git remote --verbose
> git show :src/usart.hpp
> git show :src/usart.cpp
> git status -z -u
> git symbolic-ref --short HEAD
> git rev-parse master
> git rev-parse --symbolic-full-name master@{u}
> git rev-list --left-right master...refs/remotes/origin/master
> git for-each-ref --format %(refname) %(objectname) --sort -committerdate
> git remote --verbose
> git status -z -u
> git symbolic-ref --short HEAD
> git rev-parse master
> git rev-parse --symbolic-full-name master@{u}
> git rev-list --left-right master...refs/remotes/origin/master
> git for-each-ref --format %(refname) %(objectname) --sort -committerdate
> git remote --verbose
> git status -z -u
> git symbolic-ref --short HEAD
> git rev-parse master
> git show :src/usart.hpp
> git rev-parse --symbolic-full-name master@{u}
> git rev-list --left-right master...refs/remotes/origin/master
> git for-each-ref --format %(refname) %(objectname) --sort -committerdate
> git remote --verbose
> git show :src/usart.cpp
> git status -z -u
> git symbolic-ref --short HEAD
> git rev-parse master
> git rev-parse --symbolic-full-name master@{u}
> git rev-list --left-right master...refs/remotes/origin/master
> git for-each-ref --format %(refname) %(objectname) --sort -committerdate
> git remote --verbose
> git show :src/usart.hpp
> git rev-parse --show-toplevel
fatal: not a git repository (or any of the parent directories): .git
> git rev-parse --show-toplevel
fatal: not a git repository (or any of the parent directories): .git
> git show :.vscode/c_cpp_properties.json
> git status -z -u
> git symbolic-ref --short HEAD
> git rev-parse master
> git rev-parse --symbolic-full-name master@{u}
> git rev-list --left-right master...refs/remotes/origin/master
> git for-each-ref --format %(refname) %(objectname) --sort -committerdate
> git remote --verbose
> git show :src/usart.hpp
> git show :src/usart.cpp
> git rev-parse --show-toplevel
fatal: not a git repository (or any of the parent directories): .git
> git show :src/usart.cpp
> git show :src/usart.hpp
> git show :src/quadronecarlos.hpp
> git show :src/quadronecarlos.cpp
> git show :src/usart.cpp
> git show :src/quadronecarlos.hpp
> git show :src/quadronecarlos.cpp
> git status -z -u
> git symbolic-ref --short HEAD
> git rev-parse master
> git rev-parse --symbolic-full-name master@{u}
> git rev-list --left-right master...refs/remotes/origin/master
> git for-each-ref --format %(refname) %(objectname) --sort -committerdate
> git remote --verbose
> git status -z -u
> git symbolic-ref --short HEAD
> git rev-parse master
> git rev-parse --symbolic-full-name master@{u}
> git rev-list --left-right master...refs/remotes/origin/master
> git for-each-ref --format %(refname) %(objectname) --sort -committerdate
> git remote --verbose
> git show :src/quadronecarlos.hpp
> git show :src/usart.cpp
> git show :src/quadronecarlos.cpp
> git show :src/usart.cpp
> git rev-parse --show-toplevel
fatal: not a git repository (or any of the parent directories): .git
> git show :src/quadronecarlos.cpp
> git show :src/quadronecarlos.hpp
> git show :src/quadronecarlos.cpp
> git rev-parse --show-toplevel
fatal: not a git repository (or any of the parent directories): .git
> git show :src/quadronecarlos.cpp
> git rev-parse --show-toplevel
fatal: not a git repository (or any of the parent directories): .git
> git show :src/quadronecarlos.cpp
> git rev-parse --show-toplevel
fatal: not a git repository (or any of the parent directories): .git
> git show :src/quadronecarlos.cpp
> git check-ignore -z --stdin
> git status -z -u
> git symbolic-ref --short HEAD
> git rev-parse master
> git rev-parse --symbolic-full-name master@{u}
> git rev-list --left-right master...refs/remotes/origin/master
> git for-each-ref --format %(refname) %(objectname) --sort -committerdate
> git remote --verbose
> git show :src/LightweightRingBuff.h
> git ls-files --stage -- src/
> git show :src/quadronecarlos.cpp
> git show :src/quadronecarlos.hpp
> git status -z -u
> git symbolic-ref --short HEAD
> git rev-parse master
> git rev-parse --symbolic-full-name master@{u}
> git rev-list --left-right master...refs/remotes/origin/master
> git for-each-ref --format %(refname) %(objectname) --sort -committerdate
> git remote --verbose
> git show :src/quadronecarlos.cpp
> git status -z -u
> git symbolic-ref --short HEAD
> git rev-parse master
> git rev-parse --symbolic-full-name master@{u}
> git rev-list --left-right master...refs/remotes/origin/master
> git for-each-ref --format %(refname) %(objectname) --sort -committerdate
> git remote --verbose
> git status -z -u
> git symbolic-ref --short HEAD
> git rev-parse master
> git rev-parse --symbolic-full-name master@{u}
> git rev-list --left-right master...refs/remotes/origin/master
> git for-each-ref --format %(refname) %(objectname) --sort -committerdate
> git remote --verbose
> git show :src/quadronecarlos.hpp
> git show :src/LightweightRingBuff.h
> git ls-files --stage -- src/
> git show :src/quadronecarlos.cpp
> git rev-parse --show-toplevel
fatal: not a git repository (or any of the parent directories): .git
> git show :src/quadronecarlos.cpp
> git show :src/quadronecarlos.hpp
> git show :src/LightweightRingBuff.h
> git ls-files --stage -- src/
> git show :src/quadronecarlos.cpp
> git show :src/quadronecarlos.hpp
> git show :src/usart.hpp
> git show :src/quadronecarlos.hpp
> git status -z -u
> git symbolic-ref --short HEAD
> git rev-parse master
> git rev-parse --symbolic-full-name master@{u}
> git rev-list --left-right master...refs/remotes/origin/master
> git for-each-ref --format %(refname) %(objectname) --sort -committerdate
> git remote --verbose
> git show :src/usart.cpp
> git status -z -u
> git symbolic-ref --short HEAD
> git rev-parse master
> git rev-parse --symbolic-full-name master@{u}
> git rev-list --left-right master...refs/remotes/origin/master
> git for-each-ref --format %(refname) %(objectname) --sort -committerdate
> git remote --verbose
> git status -z -u
> git symbolic-ref --short HEAD
> git rev-parse master
> git rev-parse --symbolic-full-name master@{u}
> git rev-list --left-right master...refs/remotes/origin/master
> git for-each-ref --format %(refname) %(objectname) --sort -committerdate
> git remote --verbose
> git show :src/quadronecarlos.hpp
> git status -z -u
> git symbolic-ref --short HEAD
> git rev-parse master
> git rev-parse --symbolic-full-name master@{u}
> git rev-list --left-right master...refs/remotes/origin/master
> git for-each-ref --format %(refname) %(objectname) --sort -committerdate
> git remote --verbose
> git status -z -u
> git symbolic-ref --short HEAD
> git rev-parse master
> git rev-parse --symbolic-full-name master@{u}
> git rev-list --left-right master...refs/remotes/origin/master
> git for-each-ref --format %(refname) %(objectname) --sort -committerdate
> git remote --verbose
> git status -z -u
> git symbolic-ref --short HEAD
> git rev-parse master
> git rev-parse --symbolic-full-name master@{u}
> git rev-list --left-right master...refs/remotes/origin/master
> git for-each-ref --format %(refname) %(objectname) --sort -committerdate
> git remote --verbose
> git status -z -u
> git symbolic-ref --short HEAD
> git rev-parse master
> git rev-parse --symbolic-full-name master@{u}
> git rev-list --left-right master...refs/remotes/origin/master
> git for-each-ref --format %(refname) %(objectname) --sort -committerdate
> git remote --verbose
> git status -z -u
> git symbolic-ref --short HEAD
> git rev-parse master
> git rev-parse --symbolic-full-name master@{u}
> git rev-list --left-right master...refs/remotes/origin/master
> git for-each-ref --format %(refname) %(objectname) --sort -committerdate
> git remote --verbose
> git show :src/usart.cpp
> git show :src/LightweightRingBuff.h
> git ls-files --stage -- src/
git.stage 1
git.stage.scmResources 1
> git add -A -- /home/stanislav/GitRepos/QuadroneCarlos/src/LightweightRingBuff.h
> git status -z -u
> git symbolic-ref --short HEAD
> git rev-parse master
> git rev-parse --symbolic-full-name master@{u}
> git rev-list --left-right master...refs/remotes/origin/master
> git for-each-ref --format %(refname) %(objectname) --sort -committerdate
> git remote --verbose
> git show :src/LightweightRingBuff.h
git.stage 1
git.stage.scmResources 1
> git add -A -- /home/stanislav/GitRepos/QuadroneCarlos/src/quadronecarlos.cpp
> git status -z -u
> git symbolic-ref --short HEAD
> git rev-parse master
> git rev-parse --symbolic-full-name master@{u}
> git rev-list --left-right master...refs/remotes/origin/master
> git for-each-ref --format %(refname) %(objectname) --sort -committerdate
> git remote --verbose
> git show :src/LightweightRingBuff.h
git.stage 1
git.stage.scmResources 1
> git add -A -- /home/stanislav/GitRepos/QuadroneCarlos/src/quadronecarlos.hpp
> git status -z -u
> git symbolic-ref --short HEAD
> git rev-parse master
> git rev-parse --symbolic-full-name master@{u}
> git rev-list --left-right master...refs/remotes/origin/master
> git for-each-ref --format %(refname) %(objectname) --sort -committerdate
> git remote --verbose
> git show :src/LightweightRingBuff.h
> git add -A -- .
> git status -z -u
> git symbolic-ref --short HEAD
> git rev-parse master
> git rev-parse --symbolic-full-name master@{u}
> git rev-list --left-right master...refs/remotes/origin/master
> git for-each-ref --format %(refname) %(objectname) --sort -committerdate
> git remote --verbose
> git branch
> git reset -q HEAD -- /home/stanislav/GitRepos/QuadroneCarlos/src/usart.cpp
> git status -z -u
> git symbolic-ref --short HEAD
> git rev-parse master
> git rev-parse --symbolic-full-name master@{u}
> git rev-list --left-right master...refs/remotes/origin/master
> git for-each-ref --format %(refname) %(objectname) --sort -committerdate
> git remote --verbose
> git branch
> git reset -q HEAD -- /home/stanislav/GitRepos/QuadroneCarlos/src/usart.hpp
> git status -z -u
> git symbolic-ref --short HEAD
> git rev-parse master
> git rev-parse --symbolic-full-name master@{u}
> git rev-list --left-right master...refs/remotes/origin/master
> git for-each-ref --format %(refname) %(objectname) --sort -committerdate
> git remote --verbose
> git show :src/LightweightRingBuff.h
> git show :src/LightweightRingBuff.h
> git add -A -- .
> git status -z -u
> git symbolic-ref --short HEAD
> git rev-parse master
> git rev-parse --symbolic-full-name master@{u}
> git rev-list --left-right master...refs/remotes/origin/master
> git for-each-ref --format %(refname) %(objectname) --sort -committerdate
> git remote --verbose
> git show :src/LightweightRingBuff.h
> git add -A -- .
> git status -z -u
> git symbolic-ref --short HEAD
> git rev-parse master
> git rev-parse --symbolic-full-name master@{u}
> git rev-list --left-right master...refs/remotes/origin/master
> git for-each-ref --format %(refname) %(objectname) --sort -committerdate
> git remote --verbose
> git ls-tree -l HEAD -- /home/stanislav/GitRepos/QuadroneCarlos/src/quadronecarlos.hpp
> git show 455b7d330712b0addf2a35ee2f47341da5fb40c8
> git ls-files --stage -- /home/stanislav/GitRepos/QuadroneCarlos/src/quadronecarlos.hpp
> git cat-file -s a81f9fd6560d3b0abe72980efb3c2a2d16ff6604
> git show a81f9fd6560d3b0abe72980efb3c2a2d16ff6604
> git show HEAD:src/quadronecarlos.hpp
> git show :src/quadronecarlos.hpp
> git ls-tree -l HEAD -- /home/stanislav/GitRepos/QuadroneCarlos/src/usart.cpp
> git show a0088507e5b23218c8c26d16b63a94ed284d6f0a
> git ls-files --stage -- /home/stanislav/GitRepos/QuadroneCarlos/src/usart.cpp
> git cat-file -s fc2e608234486c886e5f5a572b1c4c1916eeb34d
> git show fc2e608234486c886e5f5a572b1c4c1916eeb34d
> git show HEAD:src/usart.cpp
> git show :src/usart.cpp
> git ls-tree -l HEAD -- /home/stanislav/GitRepos/QuadroneCarlos/src/usart.hpp
> git show fcf89befba7d43ffffe67ad1bebe11d82c0c131f
> git ls-files --stage -- /home/stanislav/GitRepos/QuadroneCarlos/src/usart.hpp
> git cat-file -s f245e0cff1f20f6a3bac7db7e02b060d0ecb683d
> git show f245e0cff1f20f6a3bac7db7e02b060d0ecb683d
> git show HEAD:src/usart.hpp
> git show :src/usart.hpp
> git ls-files --stage -- /home/stanislav/GitRepos/QuadroneCarlos/src/LightweightRingBuff.h
> git cat-file -s cb788e97a7db12c886bda6be66596e4fad498204
> git show cb788e97a7db12c886bda6be66596e4fad498204
> git show :src/LightweightRingBuff.h
> git ls-tree -l HEAD -- /home/stanislav/GitRepos/QuadroneCarlos/src/quadronecarlos.cpp
> git show 620518fbd132eb5ea3047e39d1c5a17a0722a6fa
> git ls-files --stage -- /home/stanislav/GitRepos/QuadroneCarlos/src/quadronecarlos.cpp
> git cat-file -s 74e6c8e8f8f835f88f6ddb100518120f7c807921
> git show 74e6c8e8f8f835f88f6ddb100518120f7c807921
> git show HEAD:src/quadronecarlos.cpp
> git show :src/quadronecarlos.cpp
> git ls-tree -l HEAD -- /home/stanislav/GitRepos/QuadroneCarlos/src/quadronecarlos.cpp
> git show 620518fbd132eb5ea3047e39d1c5a17a0722a6fa
> git ls-files --stage -- /home/stanislav/GitRepos/QuadroneCarlos/src/quadronecarlos.cpp
> git cat-file -s 74e6c8e8f8f835f88f6ddb100518120f7c807921
> git show 74e6c8e8f8f835f88f6ddb100518120f7c807921
> git ls-tree -l HEAD -- /home/stanislav/GitRepos/QuadroneCarlos/src/quadronecarlos.cpp
> git show 620518fbd132eb5ea3047e39d1c5a17a0722a6fa
> git ls-files --stage -- /home/stanislav/GitRepos/QuadroneCarlos/src/quadronecarlos.cpp
> git cat-file -s 74e6c8e8f8f835f88f6ddb100518120f7c807921
> git show 74e6c8e8f8f835f88f6ddb100518120f7c807921
> git ls-files --stage -- /home/stanislav/GitRepos/QuadroneCarlos/src/LightweightRingBuff.h
> git cat-file -s cb788e97a7db12c886bda6be66596e4fad498204
> git show cb788e97a7db12c886bda6be66596e4fad498204
> git show :src/LightweightRingBuff.h
> git ls-tree -l HEAD -- /home/stanislav/GitRepos/QuadroneCarlos/src/quadronecarlos.cpp
> git show 620518fbd132eb5ea3047e39d1c5a17a0722a6fa
> git ls-files --stage -- /home/stanislav/GitRepos/QuadroneCarlos/src/quadronecarlos.cpp
> git cat-file -s 74e6c8e8f8f835f88f6ddb100518120f7c807921
> git show 74e6c8e8f8f835f88f6ddb100518120f7c807921
> git show HEAD:src/quadronecarlos.cpp
> git show :src/quadronecarlos.cpp
> git show :src/usart.cpp
