[2019-03-12 15:34:35.478] [exthost] [info] extension host started
[2019-03-12 15:34:35.528] [exthost] [info] ExtensionService#_doActivateExtension vscode.debug-auto-launch {"startup":true,"activationEvent":"*"}
[2019-03-12 15:34:35.528] [exthost] [info] ExtensionService#loadCommonJSModule /usr/lib/code/extensions/debug-auto-launch/dist/extension
[2019-03-12 15:34:35.533] [exthost] [info] ExtensionService#_doActivateExtension vscode.emmet {"startup":true,"activationEvent":"*"}
[2019-03-12 15:34:35.533] [exthost] [info] ExtensionService#loadCommonJSModule /usr/lib/code/extensions/emmet/dist/extension
[2019-03-12 15:34:35.553] [exthost] [info] ExtensionService#_doActivateExtension vscode.git {"startup":true,"activationEvent":"*"}
[2019-03-12 15:34:35.553] [exthost] [info] ExtensionService#loadCommonJSModule /usr/lib/code/extensions/git/dist/main
[2019-03-12 15:34:35.678] [exthost] [info] ExtensionService#_doActivateExtension vscode.merge-conflict {"startup":true,"activationEvent":"*"}
[2019-03-12 15:34:35.678] [exthost] [info] ExtensionService#loadCommonJSModule /usr/lib/code/extensions/merge-conflict/dist/extension
[2019-03-12 15:34:35.686] [exthost] [info] ExtensionService#_doActivateExtension ms-vscode.cpptools {"startup":false,"activationEvent":"onLanguage:cpp"}
[2019-03-12 15:34:35.686] [exthost] [info] ExtensionService#loadCommonJSModule /home/stanislav/.vscode-oss/extensions/ms-vscode.cpptools-0.21.0/out/src/main
[2019-03-12 15:34:35.936] [exthost] [info] eager extensions activated
[2019-03-12 20:02:59.256] [exthost] [info] ExtensionService#_doActivateExtension vscode.configuration-editing {"startup":false,"activationEvent":"onLanguage:json"}
[2019-03-12 20:02:59.256] [exthost] [info] ExtensionService#loadCommonJSModule /usr/lib/code/extensions/configuration-editing/dist/extension
[2019-03-12 20:02:59.267] [exthost] [info] ExtensionService#_doActivateExtension vscode.extension-editing {"startup":false,"activationEvent":"onLanguage:json"}
[2019-03-12 20:02:59.267] [exthost] [info] ExtensionService#loadCommonJSModule /usr/lib/code/extensions/extension-editing/dist/extension
[2019-03-12 20:02:59.317] [exthost] [info] ExtensionService#_doActivateExtension vscode.json-language-features {"startup":false,"activationEvent":"onLanguage:json"}
[2019-03-12 20:02:59.317] [exthost] [info] ExtensionService#loadCommonJSModule /usr/lib/code/extensions/json-language-features/client/dist/jsonMain
[2019-03-12 20:02:59.428] [exthost] [info] ExtensionService#_doActivateExtension vscode.npm {"startup":false,"activationEvent":"onLanguage:json"}
[2019-03-12 20:02:59.428] [exthost] [info] ExtensionService#loadCommonJSModule /usr/lib/code/extensions/npm/dist/main
[2019-03-12 20:08:56.618] [exthost] [info] ExtensionService#_doActivateExtension tomoki1207.pdf {"startup":false,"activationEvent":"onCommand:extension.pdf-preview"}
[2019-03-12 20:08:56.618] [exthost] [info] ExtensionService#loadCommonJSModule /home/stanislav/.vscode-oss/extensions/tomoki1207.pdf-0.5.0/out/src/extension
