Formatting failed:
/home/stanislav/.vscode-oss/extensions/ms-vscode.cpptools-0.21.0/bin/../LLVM/bin/clang-format -style={ BasedOnStyle: LLVM, UseTab: Always, IndentWidth: 4, TabWidth: 4, BreakBeforeBraces: Allman, AllowShortIfStatementsOnASingleLine: false, IndentCaseLabels: false, ColumnLimit: 0 } -fallback-style=LLVM -sort-includes=0 -assume-filename=/home/stanislav/GitRepos/QuadroneCarlos/src/usart.hpp
  /home/stanislav/.vscode-oss/extensions/ms-vscode.cpptools-0.21.0/bin/../LLVM/bin/clang-format: error while loading shared libraries: libtinfo.so.5: cannot open shared object file: No such file or directory
  
Formatting failed:
/home/stanislav/.vscode-oss/extensions/ms-vscode.cpptools-0.21.0/bin/../LLVM/bin/clang-format -style={ BasedOnStyle: LLVM, UseTab: Always, IndentWidth: 4, TabWidth: 4, BreakBeforeBraces: Allman, AllowShortIfStatementsOnASingleLine: false, IndentCaseLabels: false, ColumnLimit: 0 } -fallback-style=LLVM -sort-includes=0 -offset=0 -length=1375 -assume-filename=/home/stanislav/GitRepos/QuadroneCarlos/src/usart.hpp
  /home/stanislav/.vscode-oss/extensions/ms-vscode.cpptools-0.21.0/bin/../LLVM/bin/clang-format: error while loading shared libraries: libtinfo.so.5: cannot open shared object file: No such file or directory
  
Formatting failed:
/home/stanislav/.vscode-oss/extensions/ms-vscode.cpptools-0.21.0/bin/../LLVM/bin/clang-format -style={ BasedOnStyle: LLVM, UseTab: Always, IndentWidth: 4, TabWidth: 4, BreakBeforeBraces: Allman, AllowShortIfStatementsOnASingleLine: false, IndentCaseLabels: false, ColumnLimit: 0 } -fallback-style=LLVM -sort-includes=0 -assume-filename=/home/stanislav/GitRepos/QuadroneCarlos/src/usart.hpp
  /home/stanislav/.vscode-oss/extensions/ms-vscode.cpptools-0.21.0/bin/../LLVM/bin/clang-format: error while loading shared libraries: libtinfo.so.5: cannot open shared object file: No such file or directory
  
Formatting failed:
/home/stanislav/.vscode-oss/extensions/ms-vscode.cpptools-0.21.0/bin/../LLVM/bin/clang-format -style={ BasedOnStyle: LLVM, UseTab: Always, IndentWidth: 4, TabWidth: 4, BreakBeforeBraces: Allman, AllowShortIfStatementsOnASingleLine: false, IndentCaseLabels: false, ColumnLimit: 0 } -fallback-style=LLVM -sort-includes=0 -assume-filename=/home/stanislav/GitRepos/QuadroneCarlos/src/usart.hpp
  /home/stanislav/.vscode-oss/extensions/ms-vscode.cpptools-0.21.0/bin/../LLVM/bin/clang-format: error while loading shared libraries: libtinfo.so.5: cannot open shared object file: No such file or directory
  
Formatting failed:
/home/stanislav/.vscode-oss/extensions/ms-vscode.cpptools-0.21.0/bin/../LLVM/bin/clang-format -style={ BasedOnStyle: LLVM, UseTab: Always, IndentWidth: 4, TabWidth: 4, BreakBeforeBraces: Allman, AllowShortIfStatementsOnASingleLine: false, IndentCaseLabels: false, ColumnLimit: 0 } -fallback-style=LLVM -sort-includes=0 -offset=0 -length=1375 -assume-filename=/home/stanislav/GitRepos/QuadroneCarlos/src/usart.hpp
  /home/stanislav/.vscode-oss/extensions/ms-vscode.cpptools-0.21.0/bin/../LLVM/bin/clang-format: error while loading shared libraries: libtinfo.so.5: cannot open shared object file: No such file or directory
  
Formatting failed:
/home/stanislav/.vscode-oss/extensions/ms-vscode.cpptools-0.21.0/bin/../LLVM/bin/clang-format -style={ BasedOnStyle: LLVM, UseTab: Always, IndentWidth: 4, TabWidth: 4, BreakBeforeBraces: Allman, AllowShortIfStatementsOnASingleLine: false, IndentCaseLabels: false, ColumnLimit: 0 } -fallback-style=LLVM -sort-includes=0 -assume-filename=/home/stanislav/GitRepos/QuadroneCarlos/src/usart.hpp
  /home/stanislav/.vscode-oss/extensions/ms-vscode.cpptools-0.21.0/bin/../LLVM/bin/clang-format: error while loading shared libraries: libtinfo.so.5: cannot open shared object file: No such file or directory
  
Formatting failed:
/home/stanislav/.vscode-oss/extensions/ms-vscode.cpptools-0.21.0/bin/../LLVM/bin/clang-format -style={ BasedOnStyle: LLVM, UseTab: Always, IndentWidth: 4, TabWidth: 4, BreakBeforeBraces: Allman, AllowShortIfStatementsOnASingleLine: false, IndentCaseLabels: false, ColumnLimit: 0 } -fallback-style=LLVM -sort-includes=0 -assume-filename=/home/stanislav/GitRepos/QuadroneCarlos/src/usart.hpp
  /home/stanislav/.vscode-oss/extensions/ms-vscode.cpptools-0.21.0/bin/../LLVM/bin/clang-format: error while loading shared libraries: libtinfo.so.5: cannot open shared object file: No such file or directory
  
Formatting failed:
/home/stanislav/.vscode-oss/extensions/ms-vscode.cpptools-0.21.0/bin/../LLVM/bin/clang-format -style={ BasedOnStyle: LLVM, UseTab: Always, IndentWidth: 4, TabWidth: 4, BreakBeforeBraces: Allman, AllowShortIfStatementsOnASingleLine: false, IndentCaseLabels: false, ColumnLimit: 0 } -fallback-style=LLVM -sort-includes=0 -assume-filename=/home/stanislav/GitRepos/QuadroneCarlos/src/usart.hpp
  Can't find or run process_name
Formatting failed:
/home/stanislav/.vscode-oss/extensions/ms-vscode.cpptools-0.21.0/bin/../LLVM/bin/clang-format -style={ BasedOnStyle: LLVM, UseTab: Always, IndentWidth: 4, TabWidth: 4, BreakBeforeBraces: Allman, AllowShortIfStatementsOnASingleLine: false, IndentCaseLabels: false, ColumnLimit: 0 } -fallback-style=LLVM -sort-includes=0 -assume-filename=/home/stanislav/GitRepos/QuadroneCarlos/src/usart.cpp
  Can't find or run process_name
Failed to spawn IntelliSense process: Can't find or run process_name
Failed to spawn IntelliSense process: Can't find or run process_name
Failed to create IntelliSense client. Can't create intellisense client for /home/stanislav/GitRepos/QuadroneCarlos/src/quadronecarlos.cpp
Failed to spawn IntelliSense process: Can't find or run process_name
Failed to create IntelliSense client. Can't create intellisense client for /home/stanislav/GitRepos/QuadroneCarlos/src/quadronecarlos.cpp
Failed to spawn IntelliSense process: Can't find or run process_name
Failed to create IntelliSense client. Can't create intellisense client for /home/stanislav/GitRepos/QuadroneCarlos/src/quadronecarlos.cpp
Failed to spawn IntelliSense process: Can't find or run process_name
Failed to create IntelliSense client. Can't create intellisense client for /home/stanislav/GitRepos/QuadroneCarlos/src/quadronecarlos.cpp
Failed to spawn IntelliSense process: Can't find or run process_name
Failed to create IntelliSense client. Can't create intellisense client for /home/stanislav/GitRepos/QuadroneCarlos/src/quadronecarlos.cpp
Failed to spawn IntelliSense process: Can't find or run process_name
Failed to create IntelliSense client. Can't create intellisense client for /home/stanislav/GitRepos/QuadroneCarlos/src/quadronecarlos.cpp
Failed to spawn IntelliSense process: Can't find or run process_name
Failed to create IntelliSense client. Can't create intellisense client for /home/stanislav/GitRepos/QuadroneCarlos/src/quadronecarlos.cpp
Failed to spawn IntelliSense process: Can't find or run process_name
Failed to create IntelliSense client. Can't create intellisense client for /home/stanislav/GitRepos/QuadroneCarlos/src/quadronecarlos.cpp
Failed to spawn IntelliSense process: Can't find or run process_name
Failed to create IntelliSense client. Can't create intellisense client for /home/stanislav/GitRepos/QuadroneCarlos/src/quadronecarlos.cpp
Failed to spawn IntelliSense process: Can't find or run process_name
Failed to create IntelliSense client. Can't create intellisense client for /home/stanislav/GitRepos/QuadroneCarlos/src/quadronecarlos.cpp
Failed to spawn IntelliSense process: Can't find or run process_name
Failed to create IntelliSense client. Can't create intellisense client for /home/stanislav/GitRepos/QuadroneCarlos/src/quadronecarlos.cpp
Failed to spawn IntelliSense process: Can't find or run process_name
Failed to create IntelliSense client. Can't create intellisense client for /home/stanislav/GitRepos/QuadroneCarlos/src/quadronecarlos.cpp
Failed to spawn IntelliSense process: Can't find or run process_name
Failed to create IntelliSense client. Can't create intellisense client for /home/stanislav/GitRepos/QuadroneCarlos/src/quadronecarlos.cpp
Failed to spawn IntelliSense process: Can't find or run process_name
Failed to create IntelliSense client. Can't create intellisense client for /home/stanislav/GitRepos/QuadroneCarlos/src/quadronecarlos.cpp
Failed to spawn IntelliSense process: Can't find or run process_name
Failed to create IntelliSense client. Can't create intellisense client for /home/stanislav/GitRepos/QuadroneCarlos/src/quadronecarlos.cpp
Failed to spawn IntelliSense process: Can't find or run process_name
Failed to create IntelliSense client. Can't create intellisense client for /home/stanislav/GitRepos/QuadroneCarlos/src/quadronecarlos.cpp
Failed to spawn IntelliSense process: Can't find or run process_name
Failed to create IntelliSense client. Can't create intellisense client for /home/stanislav/GitRepos/QuadroneCarlos/src/quadronecarlos.cpp
Failed to spawn IntelliSense process: Can't find or run process_name
Failed to create IntelliSense client. Can't create intellisense client for /home/stanislav/GitRepos/QuadroneCarlos/src/quadronecarlos.cpp
Failed to spawn IntelliSense process: Can't find or run process_name
Failed to create IntelliSense client. Can't create intellisense client for /home/stanislav/GitRepos/QuadroneCarlos/src/quadronecarlos.cpp
Failed to spawn IntelliSense process: Can't find or run process_name
Failed to create IntelliSense client. Can't create intellisense client for /home/stanislav/GitRepos/QuadroneCarlos/src/quadronecarlos.cpp
Failed to spawn IntelliSense process: Can't find or run process_name
Failed to create IntelliSense client. Can't create intellisense client for /home/stanislav/GitRepos/QuadroneCarlos/src/quadronecarlos.cpp
Failed to spawn IntelliSense process: Can't find or run process_name
Failed to create IntelliSense client. Can't create intellisense client for /home/stanislav/GitRepos/QuadroneCarlos/src/quadronecarlos.cpp
Failed to spawn IntelliSense process: Can't find or run process_name
Failed to create IntelliSense client. Can't create intellisense client for /home/stanislav/GitRepos/QuadroneCarlos/src/quadronecarlos.cpp
Failed to spawn IntelliSense process: Can't find or run process_name
Failed to create IntelliSense client. Can't create intellisense client for /home/stanislav/GitRepos/QuadroneCarlos/src/quadronecarlos.cpp
Failed to spawn IntelliSense process: Can't find or run process_name
Failed to create IntelliSense client. Can't create intellisense client for /home/stanislav/GitRepos/QuadroneCarlos/src/quadronecarlos.cpp
