[2019-03-13 13:02:01.284] [sharedprocess] [info] main {"machineId":"9fbc5806cfe91b6b9708c7da27724b647608dfdd4a830f9fda8b53af08905f8d"}
[2019-03-13 13:02:01.405] [sharedprocess] [info] Scanned user extensions: 3
[2019-03-13 13:02:01.415] [sharedprocess] [info] Scanned user extensions: 3
[2019-03-13 13:02:01.491] [sharedprocess] [info] Scanned system extensions: 72
[2019-03-13 13:02:01.493] [sharedprocess] [info] Scanned system extensions: 72
[2019-03-13 13:02:02.152] [sharedprocess] [info] Scanned user extensions: 3
[2019-03-13 13:02:41.306] [sharedprocess] [info] Starting to clean up unused language packs.
[2019-03-13 13:07:02.181] [sharedprocess] [info] Scanned user extensions: 3
[2019-03-13 13:12:02.192] [sharedprocess] [info] Scanned user extensions: 3
[2019-03-13 13:17:02.206] [sharedprocess] [info] Scanned user extensions: 3
[2019-03-13 13:22:02.214] [sharedprocess] [info] Scanned user extensions: 3
[2019-03-13 13:27:02.222] [sharedprocess] [info] Scanned user extensions: 3
[2019-03-13 13:32:02.228] [sharedprocess] [info] Scanned user extensions: 3
[2019-03-13 13:37:02.242] [sharedprocess] [info] Scanned user extensions: 3
[2019-03-13 13:42:02.256] [sharedprocess] [info] Scanned user extensions: 3
[2019-03-13 13:47:02.270] [sharedprocess] [info] Scanned user extensions: 3
[2019-03-13 13:52:02.283] [sharedprocess] [info] Scanned user extensions: 3
[2019-03-13 13:57:02.293] [sharedprocess] [info] Scanned user extensions: 3
[2019-03-13 14:02:02.310] [sharedprocess] [info] Scanned user extensions: 3
[2019-03-13 14:07:02.324] [sharedprocess] [info] Scanned user extensions: 3
[2019-03-13 14:12:02.338] [sharedprocess] [info] Scanned user extensions: 3
[2019-03-13 14:17:02.355] [sharedprocess] [info] Scanned user extensions: 3
[2019-03-13 14:22:02.367] [sharedprocess] [info] Scanned user extensions: 3
[2019-03-13 14:27:02.381] [sharedprocess] [info] Scanned user extensions: 3
[2019-03-13 14:32:02.389] [sharedprocess] [info] Scanned user extensions: 3
[2019-03-13 14:37:02.404] [sharedprocess] [info] Scanned user extensions: 3
[2019-03-13 14:42:02.418] [sharedprocess] [info] Scanned user extensions: 3
[2019-03-13 14:47:02.431] [sharedprocess] [info] Scanned user extensions: 3
[2019-03-13 14:52:02.445] [sharedprocess] [info] Scanned user extensions: 3
[2019-03-13 14:57:02.461] [sharedprocess] [info] Scanned user extensions: 3
[2019-03-13 15:02:02.477] [sharedprocess] [info] Scanned user extensions: 3
[2019-03-13 15:07:02.489] [sharedprocess] [info] Scanned user extensions: 3
[2019-03-13 15:12:02.502] [sharedprocess] [info] Scanned user extensions: 3
[2019-03-13 15:17:02.517] [sharedprocess] [info] Scanned user extensions: 3
[2019-03-13 15:22:02.524] [sharedprocess] [info] Scanned user extensions: 3
[2019-03-13 15:27:02.536] [sharedprocess] [info] Scanned user extensions: 3
[2019-03-13 15:32:02.554] [sharedprocess] [info] Scanned user extensions: 3
[2019-03-13 15:37:02.568] [sharedprocess] [info] Scanned user extensions: 3
[2019-03-13 15:42:02.580] [sharedprocess] [info] Scanned user extensions: 3
[2019-03-13 15:47:02.590] [sharedprocess] [info] Scanned user extensions: 3
[2019-03-13 15:52:02.603] [sharedprocess] [info] Scanned user extensions: 3
[2019-03-13 15:57:02.615] [sharedprocess] [info] Scanned user extensions: 3
[2019-03-13 16:02:02.624] [sharedprocess] [info] Scanned user extensions: 3
[2019-03-13 16:07:02.639] [sharedprocess] [info] Scanned user extensions: 3
[2019-03-13 16:12:02.654] [sharedprocess] [info] Scanned user extensions: 3
[2019-03-13 16:17:02.668] [sharedprocess] [info] Scanned user extensions: 3
[2019-03-13 16:22:02.684] [sharedprocess] [info] Scanned user extensions: 3
[2019-03-13 16:27:02.700] [sharedprocess] [info] Scanned user extensions: 3
[2019-03-13 16:32:02.714] [sharedprocess] [info] Scanned user extensions: 3
[2019-03-13 16:37:02.730] [sharedprocess] [info] Scanned user extensions: 3
[2019-03-13 16:42:02.743] [sharedprocess] [info] Scanned user extensions: 3
[2019-03-13 16:47:02.757] [sharedprocess] [info] Scanned user extensions: 3
[2019-03-13 16:52:02.770] [sharedprocess] [info] Scanned user extensions: 3
[2019-03-13 16:57:02.784] [sharedprocess] [info] Scanned user extensions: 3
[2019-03-13 17:02:02.800] [sharedprocess] [info] Scanned user extensions: 3
[2019-03-13 17:07:02.814] [sharedprocess] [info] Scanned user extensions: 3
[2019-03-13 17:12:02.827] [sharedprocess] [info] Scanned user extensions: 3
[2019-03-13 17:17:02.840] [sharedprocess] [info] Scanned user extensions: 3
[2019-03-13 17:22:02.853] [sharedprocess] [info] Scanned user extensions: 3
[2019-03-13 17:27:02.865] [sharedprocess] [info] Scanned user extensions: 3
[2019-03-13 17:32:02.880] [sharedprocess] [info] Scanned user extensions: 3
[2019-03-13 17:37:02.896] [sharedprocess] [info] Scanned user extensions: 3
[2019-03-13 17:42:02.906] [sharedprocess] [info] Scanned user extensions: 3
[2019-03-13 17:47:02.919] [sharedprocess] [info] Scanned user extensions: 3
[2019-03-13 17:52:02.933] [sharedprocess] [info] Scanned user extensions: 3
[2019-03-13 17:57:02.941] [sharedprocess] [info] Scanned user extensions: 3
[2019-03-13 18:02:02.947] [sharedprocess] [info] Scanned user extensions: 3
[2019-03-13 18:07:02.954] [sharedprocess] [info] Scanned user extensions: 3
[2019-03-13 18:12:02.963] [sharedprocess] [info] Scanned user extensions: 3
[2019-03-13 18:17:02.973] [sharedprocess] [info] Scanned user extensions: 3
[2019-03-13 18:22:02.987] [sharedprocess] [info] Scanned user extensions: 3
[2019-03-13 18:27:02.999] [sharedprocess] [info] Scanned user extensions: 3
[2019-03-13 18:32:03.007] [sharedprocess] [info] Scanned user extensions: 3
[2019-03-13 18:37:03.017] [sharedprocess] [info] Scanned user extensions: 3
[2019-03-13 18:42:03.027] [sharedprocess] [info] Scanned user extensions: 3
[2019-03-13 18:47:03.038] [sharedprocess] [info] Scanned user extensions: 3
[2019-03-13 18:52:03.052] [sharedprocess] [info] Scanned user extensions: 3
[2019-03-13 18:57:03.064] [sharedprocess] [info] Scanned user extensions: 3
[2019-03-13 19:02:03.080] [sharedprocess] [info] Scanned user extensions: 3
[2019-03-13 19:07:03.088] [sharedprocess] [info] Scanned user extensions: 3
[2019-03-13 19:12:03.100] [sharedprocess] [info] Scanned user extensions: 3
[2019-03-13 19:17:03.114] [sharedprocess] [info] Scanned user extensions: 3
[2019-03-13 19:22:03.126] [sharedprocess] [info] Scanned user extensions: 3
[2019-03-13 19:27:03.143] [sharedprocess] [info] Scanned user extensions: 3
[2019-03-13 19:32:03.157] [sharedprocess] [info] Scanned user extensions: 3
[2019-03-13 19:37:03.170] [sharedprocess] [info] Scanned user extensions: 3
[2019-03-13 19:42:03.181] [sharedprocess] [info] Scanned user extensions: 3
[2019-03-13 19:47:03.194] [sharedprocess] [info] Scanned user extensions: 3
[2019-03-13 19:52:03.209] [sharedprocess] [info] Scanned user extensions: 3
[2019-03-13 19:57:03.222] [sharedprocess] [info] Scanned user extensions: 3
[2019-03-13 20:02:03.235] [sharedprocess] [info] Scanned user extensions: 3
[2019-03-13 20:07:03.250] [sharedprocess] [info] Scanned user extensions: 3
[2019-03-13 20:12:03.263] [sharedprocess] [info] Scanned user extensions: 3
[2019-03-13 20:17:03.277] [sharedprocess] [info] Scanned user extensions: 3
[2019-03-13 20:22:03.285] [sharedprocess] [info] Scanned user extensions: 3
[2019-03-13 20:27:03.293] [sharedprocess] [info] Scanned user extensions: 3
[2019-03-13 20:32:03.305] [sharedprocess] [info] Scanned user extensions: 3
[2019-03-13 20:37:03.320] [sharedprocess] [info] Scanned user extensions: 3
[2019-03-13 20:42:03.335] [sharedprocess] [info] Scanned user extensions: 3
[2019-03-13 20:47:03.347] [sharedprocess] [info] Scanned user extensions: 3
[2019-03-13 20:52:03.360] [sharedprocess] [info] Scanned user extensions: 3
[2019-03-13 20:57:03.374] [sharedprocess] [info] Scanned user extensions: 3
[2019-03-13 21:02:03.386] [sharedprocess] [info] Scanned user extensions: 3
[2019-03-13 21:07:03.401] [sharedprocess] [info] Scanned user extensions: 3
[2019-03-13 21:12:03.411] [sharedprocess] [info] Scanned user extensions: 3
[2019-03-13 21:17:03.426] [sharedprocess] [info] Scanned user extensions: 3
[2019-03-13 21:22:03.439] [sharedprocess] [info] Scanned user extensions: 3
[2019-03-13 21:27:03.453] [sharedprocess] [info] Scanned user extensions: 3
[2019-03-13 21:32:03.469] [sharedprocess] [info] Scanned user extensions: 3
[2019-03-13 21:37:03.483] [sharedprocess] [info] Scanned user extensions: 3
[2019-03-13 21:42:03.501] [sharedprocess] [info] Scanned user extensions: 3
[2019-03-13 21:47:03.511] [sharedprocess] [info] Scanned user extensions: 3
[2019-03-13 21:52:03.524] [sharedprocess] [info] Scanned user extensions: 3
[2019-03-13 21:57:03.542] [sharedprocess] [info] Scanned user extensions: 3
[2019-03-13 22:02:03.554] [sharedprocess] [info] Scanned user extensions: 3
[2019-03-13 22:07:03.568] [sharedprocess] [info] Scanned user extensions: 3
[2019-03-13 22:12:03.581] [sharedprocess] [info] Scanned user extensions: 3
[2019-03-13 22:17:03.592] [sharedprocess] [info] Scanned user extensions: 3
[2019-03-13 22:22:03.601] [sharedprocess] [info] Scanned user extensions: 3
[2019-03-13 22:27:03.616] [sharedprocess] [info] Scanned user extensions: 3
[2019-03-13 22:32:03.631] [sharedprocess] [info] Scanned user extensions: 3
[2019-03-13 22:34:37.179] [sharedprocess] [info] Scanned user extensions: 3
[2019-03-13 22:34:37.179] [sharedprocess] [info] Uninstalling extension: ms-vscode.cpptools
[2019-03-13 22:34:37.185] [sharedprocess] [info] Scanned user extensions: 3
[2019-03-13 22:34:37.195] [sharedprocess] [info] Successfully uninstalled extension: ms-vscode.cpptools
[2019-03-13 22:35:03.785] [sharedprocess] [info] Scanned user extensions: 2
[2019-03-13 22:35:03.824] [sharedprocess] [info] Scanned system extensions: 72
[2019-03-13 22:35:06.041] [sharedprocess] [info] Scanned user extensions: 2
[2019-03-13 22:35:06.060] [sharedprocess] [info] Scanned user extensions: 2
[2019-03-13 22:35:06.076] [sharedprocess] [info] Scanned user extensions: 2
[2019-03-13 22:35:06.084] [sharedprocess] [info] Scanned system extensions: 72
[2019-03-13 22:35:06.087] [sharedprocess] [info] Scanned system extensions: 72
[2019-03-13 22:35:06.090] [sharedprocess] [info] Scanned system extensions: 72
[2019-03-13 22:35:06.091] [sharedprocess] [info] Scanned user extensions: 2
[2019-03-13 22:35:06.283] [sharedprocess] [info] Scanned user extensions: 2
[2019-03-13 22:35:18.370] [sharedprocess] [info] Scanned user extensions: 2
[2019-03-13 22:35:18.386] [sharedprocess] [info] Scanned user extensions: 2
[2019-03-13 22:35:18.403] [sharedprocess] [info] Scanned user extensions: 2
[2019-03-13 22:35:18.409] [sharedprocess] [info] Scanned system extensions: 72
[2019-03-13 22:35:18.413] [sharedprocess] [info] Scanned system extensions: 72
[2019-03-13 22:35:18.417] [sharedprocess] [info] Scanned system extensions: 72
[2019-03-13 22:35:21.953] [sharedprocess] [info] Scanned user extensions: 2
[2019-03-13 22:35:21.953] [sharedprocess] [info] Uninstalling extension: yzane.markdown-pdf
[2019-03-13 22:35:21.960] [sharedprocess] [info] Scanned user extensions: 2
[2019-03-13 22:35:21.966] [sharedprocess] [info] Successfully uninstalled extension: yzane.markdown-pdf
[2019-03-13 22:35:24.693] [sharedprocess] [info] Scanned user extensions: 1
[2019-03-13 22:35:24.693] [sharedprocess] [info] Uninstalling extension: tomoki1207.pdf
[2019-03-13 22:35:24.698] [sharedprocess] [info] Scanned user extensions: 1
[2019-03-13 22:35:24.701] [sharedprocess] [info] Successfully uninstalled extension: tomoki1207.pdf
[2019-03-13 22:36:34.755] [sharedprocess] [info] Installing extension: ms-vscode.cpptools
[2019-03-13 22:36:34.768] [sharedprocess] [info] Scanned user extensions: 0
[2019-03-13 22:36:35.117] [sharedprocess] [info] Downloaded extension: ms-vscode.cpptools /tmp/87380283-a7c6-4c99-a8fc-92c7da7e25de
[2019-03-13 22:36:35.157] [sharedprocess] [info] Removed the extension from uninstalled list: ms-vscode.cpptools
[2019-03-13 22:36:35.162] [sharedprocess] [info] Scanned user extensions: 1
[2019-03-13 22:36:35.162] [sharedprocess] [info] Extensions installed successfully: ms-vscode.cpptools
[2019-03-13 22:40:06.301] [sharedprocess] [info] Scanned user extensions: 1
