[2019-03-12 01:34:50.908] [renderer1] [info] no standard startup: not running latest version
[2019-03-12 01:51:06.921] [renderer1] [info] Requested uninstalling the extension ms-vscode.cpptools from window 1
[2019-03-12 01:57:45.789] [renderer1] [error] Tree element not found: [object Object]: Error: Tree element not found: [object Object]
    at s.getElementLocation (file:///usr/lib/code/out/vs/workbench/workbench.main.js:89:591)
    at s.isCollapsed (file:///usr/lib/code/out/vs/workbench/workbench.main.js:89:14)
    at $.isCollapsed (file:///usr/lib/code/out/vs/workbench/workbench.main.js:924:572)
    at W.revealMarkersForCurrentActiveEditor (file:///usr/lib/code/out/vs/workbench/workbench.main.js:4487:105)
    at W.autoReveal (file:///usr/lib/code/out/vs/workbench/workbench.main.js:4486:961)
    at W.onActiveEditorChanged (file:///usr/lib/code/out/vs/workbench/workbench.main.js:4484:350)
    at W._register.e (file:///usr/lib/code/out/vs/workbench/workbench.main.js:4483:360)
    at d.fire (file:///usr/lib/code/out/vs/workbench/workbench.main.js:73:436)
    at setTimeout (file:///usr/lib/code/out/vs/workbench/workbench.main.js:69:969)
[2019-03-12 01:57:58.228] [renderer1] [error] Tree element not found: [object Object]: Error: Tree element not found: [object Object]
    at s.getElementLocation (file:///usr/lib/code/out/vs/workbench/workbench.main.js:89:591)
    at s.isCollapsed (file:///usr/lib/code/out/vs/workbench/workbench.main.js:89:14)
    at $.isCollapsed (file:///usr/lib/code/out/vs/workbench/workbench.main.js:924:572)
    at W.revealMarkersForCurrentActiveEditor (file:///usr/lib/code/out/vs/workbench/workbench.main.js:4487:105)
    at W.autoReveal (file:///usr/lib/code/out/vs/workbench/workbench.main.js:4486:961)
    at W.onActiveEditorChanged (file:///usr/lib/code/out/vs/workbench/workbench.main.js:4484:350)
    at W._register.e (file:///usr/lib/code/out/vs/workbench/workbench.main.js:4483:360)
    at d.fire (file:///usr/lib/code/out/vs/workbench/workbench.main.js:73:436)
    at setTimeout (file:///usr/lib/code/out/vs/workbench/workbench.main.js:69:969)
[2019-03-12 01:59:03.660] [renderer1] [error] Tree element not found: [object Object]: Error: Tree element not found: [object Object]
    at s.getElementLocation (file:///usr/lib/code/out/vs/workbench/workbench.main.js:89:591)
    at s.isCollapsed (file:///usr/lib/code/out/vs/workbench/workbench.main.js:89:14)
    at $.isCollapsed (file:///usr/lib/code/out/vs/workbench/workbench.main.js:924:572)
    at W.revealMarkersForCurrentActiveEditor (file:///usr/lib/code/out/vs/workbench/workbench.main.js:4487:105)
    at W.autoReveal (file:///usr/lib/code/out/vs/workbench/workbench.main.js:4486:961)
    at W.onActiveEditorChanged (file:///usr/lib/code/out/vs/workbench/workbench.main.js:4484:350)
    at W._register.e (file:///usr/lib/code/out/vs/workbench/workbench.main.js:4483:360)
    at d.fire (file:///usr/lib/code/out/vs/workbench/workbench.main.js:73:436)
    at setTimeout (file:///usr/lib/code/out/vs/workbench/workbench.main.js:69:969)
[2019-03-12 02:00:36.308] [renderer1] [error] Tree element not found: [object Object]: Error: Tree element not found: [object Object]
    at s.getElementLocation (file:///usr/lib/code/out/vs/workbench/workbench.main.js:89:591)
    at s.isCollapsed (file:///usr/lib/code/out/vs/workbench/workbench.main.js:89:14)
    at $.isCollapsed (file:///usr/lib/code/out/vs/workbench/workbench.main.js:924:572)
    at W.revealMarkersForCurrentActiveEditor (file:///usr/lib/code/out/vs/workbench/workbench.main.js:4487:105)
    at W.autoReveal (file:///usr/lib/code/out/vs/workbench/workbench.main.js:4486:961)
    at W.onActiveEditorChanged (file:///usr/lib/code/out/vs/workbench/workbench.main.js:4484:350)
    at W._register.e (file:///usr/lib/code/out/vs/workbench/workbench.main.js:4483:360)
    at d.fire (file:///usr/lib/code/out/vs/workbench/workbench.main.js:73:436)
    at setTimeout (file:///usr/lib/code/out/vs/workbench/workbench.main.js:69:969)
[2019-03-12 02:02:53.749] [renderer1] [error] Tree element not found: [object Object]: Error: Tree element not found: [object Object]
    at s.getElementLocation (file:///usr/lib/code/out/vs/workbench/workbench.main.js:89:591)
    at s.isCollapsed (file:///usr/lib/code/out/vs/workbench/workbench.main.js:89:14)
    at $.isCollapsed (file:///usr/lib/code/out/vs/workbench/workbench.main.js:924:572)
    at W.revealMarkersForCurrentActiveEditor (file:///usr/lib/code/out/vs/workbench/workbench.main.js:4487:105)
    at W.autoReveal (file:///usr/lib/code/out/vs/workbench/workbench.main.js:4486:961)
    at W.onActiveEditorChanged (file:///usr/lib/code/out/vs/workbench/workbench.main.js:4484:350)
    at W._register.e (file:///usr/lib/code/out/vs/workbench/workbench.main.js:4483:360)
    at d.fire (file:///usr/lib/code/out/vs/workbench/workbench.main.js:73:436)
    at setTimeout (file:///usr/lib/code/out/vs/workbench/workbench.main.js:69:969)
[2019-03-12 02:02:58.417] [renderer1] [error] Tree element not found: [object Object]: Error: Tree element not found: [object Object]
    at s.getElementLocation (file:///usr/lib/code/out/vs/workbench/workbench.main.js:89:591)
    at s.isCollapsed (file:///usr/lib/code/out/vs/workbench/workbench.main.js:89:14)
    at $.isCollapsed (file:///usr/lib/code/out/vs/workbench/workbench.main.js:924:572)
    at W.revealMarkersForCurrentActiveEditor (file:///usr/lib/code/out/vs/workbench/workbench.main.js:4487:105)
    at W.autoReveal (file:///usr/lib/code/out/vs/workbench/workbench.main.js:4486:961)
    at W.onActiveEditorChanged (file:///usr/lib/code/out/vs/workbench/workbench.main.js:4484:350)
    at W._register.e (file:///usr/lib/code/out/vs/workbench/workbench.main.js:4483:360)
    at d.fire (file:///usr/lib/code/out/vs/workbench/workbench.main.js:73:436)
    at setTimeout (file:///usr/lib/code/out/vs/workbench/workbench.main.js:69:969)
[2019-03-12 02:04:17.104] [renderer1] [error] Tree element not found: [object Object]: Error: Tree element not found: [object Object]
    at s.getElementLocation (file:///usr/lib/code/out/vs/workbench/workbench.main.js:89:591)
    at s.isCollapsed (file:///usr/lib/code/out/vs/workbench/workbench.main.js:89:14)
    at $.isCollapsed (file:///usr/lib/code/out/vs/workbench/workbench.main.js:924:572)
    at W.revealMarkersForCurrentActiveEditor (file:///usr/lib/code/out/vs/workbench/workbench.main.js:4487:105)
    at W.autoReveal (file:///usr/lib/code/out/vs/workbench/workbench.main.js:4486:961)
    at W.onActiveEditorChanged (file:///usr/lib/code/out/vs/workbench/workbench.main.js:4484:350)
    at W._register.e (file:///usr/lib/code/out/vs/workbench/workbench.main.js:4483:360)
    at d.fire (file:///usr/lib/code/out/vs/workbench/workbench.main.js:73:436)
    at setTimeout (file:///usr/lib/code/out/vs/workbench/workbench.main.js:69:969)
[2019-03-12 02:05:29.412] [renderer1] [error] Tree element not found: [object Object]: Error: Tree element not found: [object Object]
    at s.getElementLocation (file:///usr/lib/code/out/vs/workbench/workbench.main.js:89:591)
    at s.isCollapsed (file:///usr/lib/code/out/vs/workbench/workbench.main.js:89:14)
    at $.isCollapsed (file:///usr/lib/code/out/vs/workbench/workbench.main.js:924:572)
    at W.revealMarkersForCurrentActiveEditor (file:///usr/lib/code/out/vs/workbench/workbench.main.js:4487:105)
    at W.autoReveal (file:///usr/lib/code/out/vs/workbench/workbench.main.js:4486:961)
    at W.onActiveEditorChanged (file:///usr/lib/code/out/vs/workbench/workbench.main.js:4484:350)
    at W._register.e (file:///usr/lib/code/out/vs/workbench/workbench.main.js:4483:360)
    at d.fire (file:///usr/lib/code/out/vs/workbench/workbench.main.js:73:436)
    at setTimeout (file:///usr/lib/code/out/vs/workbench/workbench.main.js:69:969)
[2019-03-12 02:09:34.057] [renderer1] [error] Tree element not found: [object Object]: Error: Tree element not found: [object Object]
    at s.getElementLocation (file:///usr/lib/code/out/vs/workbench/workbench.main.js:89:591)
    at s.isCollapsed (file:///usr/lib/code/out/vs/workbench/workbench.main.js:89:14)
    at $.isCollapsed (file:///usr/lib/code/out/vs/workbench/workbench.main.js:924:572)
    at W.revealMarkersForCurrentActiveEditor (file:///usr/lib/code/out/vs/workbench/workbench.main.js:4487:105)
    at W.autoReveal (file:///usr/lib/code/out/vs/workbench/workbench.main.js:4486:961)
    at W.onActiveEditorChanged (file:///usr/lib/code/out/vs/workbench/workbench.main.js:4484:350)
    at W._register.e (file:///usr/lib/code/out/vs/workbench/workbench.main.js:4483:360)
    at d.fire (file:///usr/lib/code/out/vs/workbench/workbench.main.js:73:436)
    at setTimeout (file:///usr/lib/code/out/vs/workbench/workbench.main.js:69:969)
