[2019-03-12 01:34:50.356] [sharedprocess] [info] main {"machineId":"9fbc5806cfe91b6b9708c7da27724b647608dfdd4a830f9fda8b53af08905f8d"}
[2019-03-12 01:34:50.428] [sharedprocess] [info] Scanned user extensions: 1
[2019-03-12 01:34:50.442] [sharedprocess] [info] Scanned user extensions: 1
[2019-03-12 01:34:50.468] [sharedprocess] [info] Scanned system extensions: 72
[2019-03-12 01:34:50.472] [sharedprocess] [info] Scanned system extensions: 72
[2019-03-12 01:34:50.934] [sharedprocess] [info] Scanned user extensions: 1
[2019-03-12 01:35:30.370] [sharedprocess] [info] Starting to clean up unused language packs.
[2019-03-12 01:39:50.949] [sharedprocess] [info] Scanned user extensions: 1
[2019-03-12 01:44:50.959] [sharedprocess] [info] Scanned user extensions: 1
[2019-03-12 01:46:34.439] [sharedprocess] [info] Scanned user extensions: 1
[2019-03-12 01:46:34.441] [sharedprocess] [info] Scanned user extensions: 1
[2019-03-12 01:46:34.444] [sharedprocess] [info] Scanned user extensions: 1
[2019-03-12 01:46:34.445] [sharedprocess] [info] Scanned user extensions: 1
[2019-03-12 01:46:34.500] [sharedprocess] [info] Scanned system extensions: 72
[2019-03-12 01:46:34.503] [sharedprocess] [info] Scanned system extensions: 72
[2019-03-12 01:46:34.507] [sharedprocess] [info] Scanned system extensions: 72
[2019-03-12 01:49:50.971] [sharedprocess] [info] Scanned user extensions: 1
[2019-03-12 01:50:56.210] [sharedprocess] [info] Installing extension: ms-vscode.cpptools
[2019-03-12 01:50:56.214] [sharedprocess] [info] Scanned user extensions: 1
[2019-03-12 01:50:56.591] [sharedprocess] [info] Downloaded extension: ms-vscode.cpptools /tmp/5bd0dc37-0941-42bd-a9bb-151cd239b268
[2019-03-12 01:50:57.275] [sharedprocess] [info] Extracted extension to /home/stanislav/.vscode-oss/extensions/.ms-vscode.cpptools-0.21.0: ms-vscode.cpptools
[2019-03-12 01:50:57.275] [sharedprocess] [info] Renamed to /home/stanislav/.vscode-oss/extensions/ms-vscode.cpptools-0.21.0
[2019-03-12 01:50:57.277] [sharedprocess] [info] Installation completed. ms-vscode.cpptools
[2019-03-12 01:50:57.303] [sharedprocess] [info] Extensions installed successfully: ms-vscode.cpptools
[2019-03-12 01:51:06.934] [sharedprocess] [info] Scanned user extensions: 1
[2019-03-12 01:51:06.934] [sharedprocess] [info] Uninstalling extension: ms-vscode.cpptools
[2019-03-12 01:51:06.939] [sharedprocess] [info] Scanned user extensions: 1
[2019-03-12 01:51:06.952] [sharedprocess] [info] Successfully uninstalled extension: ms-vscode.cpptools
[2019-03-12 01:51:08.391] [sharedprocess] [info] Installing extension: ms-vscode.cpptools
[2019-03-12 01:51:08.402] [sharedprocess] [info] Scanned user extensions: 0
[2019-03-12 01:51:08.845] [sharedprocess] [info] Downloaded extension: ms-vscode.cpptools /tmp/d7e5a1dd-408a-488d-a9cc-441fc5d85b6f
[2019-03-12 01:51:08.862] [sharedprocess] [info] Removed the extension from uninstalled list: ms-vscode.cpptools
[2019-03-12 01:51:08.864] [sharedprocess] [info] Scanned user extensions: 1
[2019-03-12 01:51:08.865] [sharedprocess] [info] Extensions installed successfully: ms-vscode.cpptools
[2019-03-12 01:54:51.048] [sharedprocess] [info] Scanned user extensions: 1
[2019-03-12 01:59:51.058] [sharedprocess] [info] Scanned user extensions: 1
[2019-03-12 02:04:51.072] [sharedprocess] [info] Scanned user extensions: 1
[2019-03-12 02:09:51.087] [sharedprocess] [info] Scanned user extensions: 1
